{"/home/nathan/Documents/workspace/lib/Hero Academia/app.js":{"path":"/home/nathan/Documents/workspace/lib/Hero Academia/app.js","s":{"1":1,"2":1,"3":1,"4":1,"5":1,"6":0,"7":0,"8":0,"9":0,"10":0,"11":0,"12":1,"13":1,"14":40,"15":40,"16":40,"17":40,"18":40,"19":1,"20":1,"21":1,"22":1,"23":1,"24":1,"25":1,"26":1,"27":1,"28":1,"29":1,"30":0,"31":1,"32":1,"33":0,"34":0,"35":0,"36":0,"37":0,"38":0,"39":0,"40":1},"b":{"1":[0,0],"2":[0,40],"3":[1,0],"4":[0,0]},"f":{"1":1,"2":0,"3":40,"4":1,"5":1,"6":1,"7":0},"fnMap":{"1":{"name":"(anonymous_1)","line":38,"loc":{"start":{"line":38,"column":35},"end":{"line":38,"column":47}}},"2":{"name":"(anonymous_2)","line":45,"loc":{"start":{"line":45,"column":31},"end":{"line":45,"column":46}}},"3":{"name":"(anonymous_3)","line":63,"loc":{"start":{"line":63,"column":8},"end":{"line":63,"column":34}}},"4":{"name":"pingDependentServices","line":85,"loc":{"start":{"line":85,"column":1},"end":{"line":85,"column":34}}},"5":{"name":"(anonymous_5)","line":93,"loc":{"start":{"line":93,"column":30},"end":{"line":93,"column":59}}},"6":{"name":"(anonymous_6)","line":95,"loc":{"start":{"line":95,"column":44},"end":{"line":95,"column":56}}},"7":{"name":"(anonymous_7)","line":112,"loc":{"start":{"line":112,"column":8},"end":{"line":112,"column":34}}}},"statementMap":{"1":{"start":{"line":10,"column":0},"end":{"line":27,"column":58}},"2":{"start":{"line":32,"column":0},"end":{"line":32,"column":62}},"3":{"start":{"line":38,"column":0},"end":{"line":40,"column":3}},"4":{"start":{"line":39,"column":4},"end":{"line":39,"column":71}},"5":{"start":{"line":45,"column":0},"end":{"line":53,"column":3}},"6":{"start":{"line":46,"column":4},"end":{"line":46,"column":17}},"7":{"start":{"line":47,"column":4},"end":{"line":47,"column":74}},"8":{"start":{"line":48,"column":4},"end":{"line":48,"column":53}},"9":{"start":{"line":49,"column":4},"end":{"line":52,"column":5}},"10":{"start":{"line":50,"column":12},"end":{"line":50,"column":45}},"11":{"start":{"line":51,"column":12},"end":{"line":51,"column":49}},"12":{"start":{"line":58,"column":0},"end":{"line":58,"column":18}},"13":{"start":{"line":63,"column":0},"end":{"line":69,"column":3}},"14":{"start":{"line":64,"column":4},"end":{"line":64,"column":134}},"15":{"start":{"line":65,"column":4},"end":{"line":65,"column":92}},"16":{"start":{"line":66,"column":4},"end":{"line":66,"column":55}},"17":{"start":{"line":67,"column":4},"end":{"line":67,"column":60}},"18":{"start":{"line":68,"column":4},"end":{"line":68,"column":11}},"19":{"start":{"line":71,"column":0},"end":{"line":71,"column":85}},"20":{"start":{"line":72,"column":0},"end":{"line":72,"column":98}},"21":{"start":{"line":73,"column":0},"end":{"line":73,"column":84}},"22":{"start":{"line":78,"column":0},"end":{"line":78,"column":19}},"23":{"start":{"line":79,"column":0},"end":{"line":79,"column":16}},"24":{"start":{"line":85,"column":0},"end":{"line":102,"column":5}},"25":{"start":{"line":86,"column":4},"end":{"line":86,"column":27}},"26":{"start":{"line":87,"column":4},"end":{"line":101,"column":11}},"27":{"start":{"line":94,"column":12},"end":{"line":100,"column":13}},"28":{"start":{"line":95,"column":16},"end":{"line":97,"column":19}},"29":{"start":{"line":96,"column":20},"end":{"line":96,"column":74}},"30":{"start":{"line":99,"column":16},"end":{"line":99,"column":84}},"31":{"start":{"line":107,"column":0},"end":{"line":107,"column":11}},"32":{"start":{"line":112,"column":0},"end":{"line":123,"column":3}},"33":{"start":{"line":113,"column":4},"end":{"line":122,"column":5}},"34":{"start":{"line":114,"column":8},"end":{"line":114,"column":66}},"35":{"start":{"line":115,"column":8},"end":{"line":115,"column":24}},"36":{"start":{"line":117,"column":8},"end":{"line":117,"column":37}},"37":{"start":{"line":119,"column":8},"end":{"line":119,"column":24}},"38":{"start":{"line":120,"column":8},"end":{"line":120,"column":53}},"39":{"start":{"line":121,"column":8},"end":{"line":121,"column":15}},"40":{"start":{"line":128,"column":0},"end":{"line":128,"column":21}}},"branchMap":{"1":{"line":49,"type":"if","locations":[{"start":{"line":49,"column":4},"end":{"line":49,"column":4}},{"start":{"line":49,"column":4},"end":{"line":49,"column":4}}]},"2":{"line":64,"type":"cond-expr","locations":[{"start":{"line":64,"column":106},"end":{"line":64,"column":126}},{"start":{"line":64,"column":129},"end":{"line":64,"column":132}}]},"3":{"line":94,"type":"if","locations":[{"start":{"line":94,"column":12},"end":{"line":94,"column":12}},{"start":{"line":94,"column":12},"end":{"line":94,"column":12}}]},"4":{"line":113,"type":"if","locations":[{"start":{"line":113,"column":4},"end":{"line":113,"column":4}},{"start":{"line":113,"column":4},"end":{"line":113,"column":4}}]}}},"/home/nathan/Documents/workspace/lib/Hero Academia/config/index.js":{"path":"/home/nathan/Documents/workspace/lib/Hero Academia/config/index.js","s":{"1":1},"b":{},"f":{},"fnMap":{},"statementMap":{"1":{"start":{"line":15,"column":0},"end":{"line":25,"column":2}}},"branchMap":{}},"/home/nathan/Documents/workspace/lib/Hero Academia/routes/index.js":{"path":"/home/nathan/Documents/workspace/lib/Hero Academia/routes/index.js","s":{"1":1,"2":1,"3":1,"4":1,"5":1,"6":1},"b":{},"f":{"1":1},"fnMap":{"1":{"name":"(anonymous_1)","line":22,"loc":{"start":{"line":22,"column":17},"end":{"line":22,"column":32}}}},"statementMap":{"1":{"start":{"line":11,"column":0},"end":{"line":15,"column":35}},"2":{"start":{"line":22,"column":0},"end":{"line":29,"column":2}},"3":{"start":{"line":24,"column":4},"end":{"line":24,"column":46}},"4":{"start":{"line":25,"column":4},"end":{"line":25,"column":46}},"5":{"start":{"line":26,"column":4},"end":{"line":26,"column":52}},"6":{"start":{"line":27,"column":4},"end":{"line":27,"column":46}}},"branchMap":{}},"/home/nathan/Documents/workspace/lib/Hero Academia/routes/teacher.js":{"path":"/home/nathan/Documents/workspace/lib/Hero Academia/routes/teacher.js","s":{"1":1,"2":1,"3":1,"4":1,"5":1,"6":1},"b":{},"f":{},"fnMap":{},"statementMap":{"1":{"start":{"line":10,"column":0},"end":{"line":13,"column":50}},"2":{"start":{"line":50,"column":0},"end":{"line":50,"column":41}},"3":{"start":{"line":100,"column":0},"end":{"line":100,"column":39}},"4":{"start":{"line":146,"column":0},"end":{"line":146,"column":41}},"5":{"start":{"line":183,"column":0},"end":{"line":183,"column":41}},"6":{"start":{"line":185,"column":0},"end":{"line":185,"column":24}}},"branchMap":{}},"/home/nathan/Documents/workspace/lib/Hero Academia/controller/teacher.js":{"path":"/home/nathan/Documents/workspace/lib/Hero Academia/controller/teacher.js","s":{"1":1,"2":1,"3":1,"4":1,"5":1,"6":1,"7":1,"8":1,"9":1,"10":1,"11":1,"12":1,"13":1,"14":1,"15":1,"16":1,"17":1,"18":0,"19":0,"20":0,"21":0,"22":1,"23":4,"24":4,"25":3,"26":0,"27":3,"28":1,"29":1,"30":1,"31":1,"32":1,"33":1,"34":1,"35":1,"36":0,"37":0,"38":0,"39":0,"40":0,"41":0,"42":1,"43":3,"44":3,"45":3,"46":1,"47":1,"48":3,"49":3,"50":3,"51":1,"52":1,"53":1,"54":1,"55":2,"56":2,"57":1,"58":2,"59":2,"60":1,"61":1,"62":1,"63":1,"64":1,"65":1,"66":1,"67":1,"68":1,"69":1,"70":2,"71":2,"72":2,"73":1,"74":1,"75":1,"76":1,"77":1,"78":1,"79":1,"80":1,"81":1,"82":3,"83":3,"84":3,"85":3,"86":2,"87":0,"88":0,"89":2,"90":2,"91":2,"92":1,"93":0,"94":0,"95":0,"96":0,"97":0,"98":0,"99":0,"100":0,"101":0,"102":0},"b":{"1":[1,0],"2":[3,1],"3":[0,3],"4":[1,0],"5":[1,0],"6":[1,0],"7":[1,0],"8":[1,0],"9":[0,0],"10":[1,2],"11":[2,0],"12":[1,1],"13":[1,1],"14":[0,2],"15":[2,0],"16":[0,0],"17":[0,0]},"f":{"1":1,"2":1,"3":1,"4":1,"5":1,"6":1,"7":4,"8":1,"9":1,"10":3,"11":1,"12":3,"13":3,"14":2,"15":1,"16":1,"17":2,"18":1,"19":1,"20":3,"21":3,"22":2,"23":0,"24":0,"25":0},"fnMap":{"1":{"name":"(anonymous_1)","line":34,"loc":{"start":{"line":34,"column":26},"end":{"line":34,"column":52}}},"2":{"name":"(anonymous_2)","line":41,"loc":{"start":{"line":41,"column":6},"end":{"line":41,"column":18}}},"3":{"name":"validateData","line":50,"loc":{"start":{"line":50,"column":4},"end":{"line":50,"column":37}}},"4":{"name":"createData","line":61,"loc":{"start":{"line":61,"column":4},"end":{"line":61,"column":35}}},"5":{"name":"(anonymous_5)","line":64,"loc":{"start":{"line":64,"column":31},"end":{"line":64,"column":52}}},"6":{"name":"(anonymous_6)","line":65,"loc":{"start":{"line":65,"column":46},"end":{"line":65,"column":67}}},"7":{"name":"(anonymous_7)","line":88,"loc":{"start":{"line":88,"column":26},"end":{"line":88,"column":52}}},"8":{"name":"(anonymous_8)","line":109,"loc":{"start":{"line":109,"column":56},"end":{"line":109,"column":76}}},"9":{"name":"(anonymous_9)","line":110,"loc":{"start":{"line":110,"column":46},"end":{"line":110,"column":67}}},"10":{"name":"(anonymous_10)","line":139,"loc":{"start":{"line":139,"column":26},"end":{"line":139,"column":52}}},"11":{"name":"(anonymous_11)","line":147,"loc":{"start":{"line":147,"column":6},"end":{"line":147,"column":18}}},"12":{"name":"pickUpdateData","line":156,"loc":{"start":{"line":156,"column":4},"end":{"line":156,"column":56}}},"13":{"name":"(anonymous_13)","line":159,"loc":{"start":{"line":159,"column":168},"end":{"line":159,"column":199}}},"14":{"name":"updateData","line":176,"loc":{"start":{"line":176,"column":4},"end":{"line":176,"column":52}}},"15":{"name":"(anonymous_15)","line":185,"loc":{"start":{"line":185,"column":57},"end":{"line":185,"column":77}}},"16":{"name":"(anonymous_16)","line":186,"loc":{"start":{"line":186,"column":51},"end":{"line":186,"column":72}}},"17":{"name":"(anonymous_17)","line":203,"loc":{"start":{"line":203,"column":26},"end":{"line":203,"column":52}}},"18":{"name":"(anonymous_18)","line":214,"loc":{"start":{"line":214,"column":39},"end":{"line":214,"column":59}}},"19":{"name":"(anonymous_19)","line":215,"loc":{"start":{"line":215,"column":49},"end":{"line":215,"column":70}}},"20":{"name":"getPublic","line":232,"loc":{"start":{"line":232,"column":0},"end":{"line":232,"column":37}}},"21":{"name":"(anonymous_21)","line":239,"loc":{"start":{"line":239,"column":31},"end":{"line":239,"column":51}}},"22":{"name":"(anonymous_22)","line":240,"loc":{"start":{"line":240,"column":42},"end":{"line":240,"column":63}}},"23":{"name":"getPrivate","line":259,"loc":{"start":{"line":259,"column":0},"end":{"line":259,"column":37}}},"24":{"name":"(anonymous_24)","line":266,"loc":{"start":{"line":266,"column":32},"end":{"line":266,"column":52}}},"25":{"name":"(anonymous_25)","line":267,"loc":{"start":{"line":267,"column":42},"end":{"line":267,"column":63}}}},"statementMap":{"1":{"start":{"line":10,"column":0},"end":{"line":24,"column":47}},"2":{"start":{"line":34,"column":0},"end":{"line":79,"column":2}},"3":{"start":{"line":35,"column":4},"end":{"line":35,"column":28}},"4":{"start":{"line":37,"column":4},"end":{"line":37,"column":24}},"5":{"start":{"line":38,"column":4},"end":{"line":43,"column":7}},"6":{"start":{"line":42,"column":8},"end":{"line":42,"column":35}},"7":{"start":{"line":50,"column":4},"end":{"line":54,"column":5}},"8":{"start":{"line":51,"column":8},"end":{"line":51,"column":39}},"9":{"start":{"line":53,"column":8},"end":{"line":53,"column":60}},"10":{"start":{"line":61,"column":4},"end":{"line":78,"column":5}},"11":{"start":{"line":62,"column":8},"end":{"line":62,"column":37}},"12":{"start":{"line":64,"column":8},"end":{"line":77,"column":11}},"13":{"start":{"line":65,"column":12},"end":{"line":76,"column":15}},"14":{"start":{"line":66,"column":16},"end":{"line":75,"column":17}},"15":{"start":{"line":67,"column":20},"end":{"line":67,"column":36}},"16":{"start":{"line":68,"column":20},"end":{"line":68,"column":35}},"17":{"start":{"line":69,"column":20},"end":{"line":69,"column":35}},"18":{"start":{"line":71,"column":20},"end":{"line":71,"column":62}},"19":{"start":{"line":72,"column":20},"end":{"line":72,"column":102}},"20":{"start":{"line":73,"column":20},"end":{"line":73,"column":36}},"21":{"start":{"line":74,"column":20},"end":{"line":74,"column":37}},"22":{"start":{"line":88,"column":0},"end":{"line":130,"column":2}},"23":{"start":{"line":89,"column":4},"end":{"line":89,"column":24}},"24":{"start":{"line":91,"column":4},"end":{"line":126,"column":5}},"25":{"start":{"line":92,"column":8},"end":{"line":97,"column":9}},"26":{"start":{"line":94,"column":12},"end":{"line":94,"column":39}},"27":{"start":{"line":96,"column":12},"end":{"line":96,"column":38}},"28":{"start":{"line":99,"column":8},"end":{"line":105,"column":10}},"29":{"start":{"line":107,"column":8},"end":{"line":107,"column":193}},"30":{"start":{"line":109,"column":8},"end":{"line":125,"column":11}},"31":{"start":{"line":110,"column":12},"end":{"line":124,"column":15}},"32":{"start":{"line":111,"column":16},"end":{"line":123,"column":17}},"33":{"start":{"line":112,"column":20},"end":{"line":112,"column":40}},"34":{"start":{"line":114,"column":20},"end":{"line":114,"column":36}},"35":{"start":{"line":115,"column":20},"end":{"line":115,"column":35}},"36":{"start":{"line":116,"column":22},"end":{"line":123,"column":17}},"37":{"start":{"line":117,"column":20},"end":{"line":117,"column":43}},"38":{"start":{"line":119,"column":20},"end":{"line":119,"column":62}},"39":{"start":{"line":120,"column":20},"end":{"line":120,"column":61}},"40":{"start":{"line":121,"column":20},"end":{"line":121,"column":36}},"41":{"start":{"line":122,"column":20},"end":{"line":122,"column":37}},"42":{"start":{"line":139,"column":0},"end":{"line":194,"column":2}},"43":{"start":{"line":140,"column":4},"end":{"line":140,"column":31}},"44":{"start":{"line":142,"column":4},"end":{"line":142,"column":188}},"45":{"start":{"line":144,"column":4},"end":{"line":149,"column":7}},"46":{"start":{"line":148,"column":8},"end":{"line":148,"column":35}},"47":{"start":{"line":156,"column":4},"end":{"line":168,"column":5}},"48":{"start":{"line":157,"column":8},"end":{"line":157,"column":42}},"49":{"start":{"line":159,"column":8},"end":{"line":167,"column":11}},"50":{"start":{"line":160,"column":12},"end":{"line":165,"column":94}},"51":{"start":{"line":161,"column":16},"end":{"line":161,"column":58}},"52":{"start":{"line":162,"column":16},"end":{"line":162,"column":91}},"53":{"start":{"line":163,"column":16},"end":{"line":163,"column":32}},"54":{"start":{"line":164,"column":16},"end":{"line":164,"column":33}},"55":{"start":{"line":165,"column":18},"end":{"line":165,"column":94}},"56":{"start":{"line":165,"column":62},"end":{"line":165,"column":93}},"57":{"start":{"line":176,"column":4},"end":{"line":193,"column":5}},"58":{"start":{"line":177,"column":8},"end":{"line":177,"column":40}},"59":{"start":{"line":179,"column":8},"end":{"line":192,"column":9}},"60":{"start":{"line":180,"column":16},"end":{"line":180,"column":58}},"61":{"start":{"line":181,"column":16},"end":{"line":181,"column":55}},"62":{"start":{"line":182,"column":16},"end":{"line":182,"column":32}},"63":{"start":{"line":183,"column":16},"end":{"line":183,"column":32}},"64":{"start":{"line":185,"column":13},"end":{"line":191,"column":16}},"65":{"start":{"line":186,"column":17},"end":{"line":190,"column":20}},"66":{"start":{"line":187,"column":21},"end":{"line":187,"column":37}},"67":{"start":{"line":188,"column":21},"end":{"line":188,"column":36}},"68":{"start":{"line":189,"column":21},"end":{"line":189,"column":36}},"69":{"start":{"line":203,"column":0},"end":{"line":221,"column":2}},"70":{"start":{"line":204,"column":4},"end":{"line":204,"column":31}},"71":{"start":{"line":206,"column":4},"end":{"line":206,"column":188}},"72":{"start":{"line":208,"column":4},"end":{"line":220,"column":5}},"73":{"start":{"line":209,"column":12},"end":{"line":209,"column":54}},"74":{"start":{"line":210,"column":12},"end":{"line":210,"column":51}},"75":{"start":{"line":211,"column":12},"end":{"line":211,"column":28}},"76":{"start":{"line":212,"column":12},"end":{"line":212,"column":28}},"77":{"start":{"line":214,"column":11},"end":{"line":219,"column":14}},"78":{"start":{"line":215,"column":15},"end":{"line":218,"column":18}},"79":{"start":{"line":216,"column":19},"end":{"line":216,"column":35}},"80":{"start":{"line":217,"column":19},"end":{"line":217,"column":34}},"81":{"start":{"line":232,"column":0},"end":{"line":250,"column":1}},"82":{"start":{"line":233,"column":4},"end":{"line":233,"column":33}},"83":{"start":{"line":235,"column":4},"end":{"line":237,"column":39}},"84":{"start":{"line":239,"column":4},"end":{"line":249,"column":7}},"85":{"start":{"line":240,"column":8},"end":{"line":248,"column":11}},"86":{"start":{"line":241,"column":12},"end":{"line":247,"column":13}},"87":{"start":{"line":242,"column":16},"end":{"line":242,"column":32}},"88":{"start":{"line":243,"column":16},"end":{"line":243,"column":55}},"89":{"start":{"line":244,"column":18},"end":{"line":247,"column":13}},"90":{"start":{"line":245,"column":16},"end":{"line":245,"column":32}},"91":{"start":{"line":246,"column":16},"end":{"line":246,"column":31}},"92":{"start":{"line":259,"column":0},"end":{"line":277,"column":1}},"93":{"start":{"line":260,"column":4},"end":{"line":260,"column":34}},"94":{"start":{"line":262,"column":4},"end":{"line":264,"column":33}},"95":{"start":{"line":266,"column":4},"end":{"line":276,"column":7}},"96":{"start":{"line":267,"column":8},"end":{"line":275,"column":11}},"97":{"start":{"line":268,"column":12},"end":{"line":274,"column":13}},"98":{"start":{"line":269,"column":16},"end":{"line":269,"column":32}},"99":{"start":{"line":270,"column":16},"end":{"line":270,"column":55}},"100":{"start":{"line":271,"column":18},"end":{"line":274,"column":13}},"101":{"start":{"line":272,"column":16},"end":{"line":272,"column":32}},"102":{"start":{"line":273,"column":16},"end":{"line":273,"column":31}}},"branchMap":{"1":{"line":66,"type":"if","locations":[{"start":{"line":66,"column":16},"end":{"line":66,"column":16}},{"start":{"line":66,"column":16},"end":{"line":66,"column":16}}]},"2":{"line":91,"type":"if","locations":[{"start":{"line":91,"column":4},"end":{"line":91,"column":4}},{"start":{"line":91,"column":4},"end":{"line":91,"column":4}}]},"3":{"line":92,"type":"if","locations":[{"start":{"line":92,"column":8},"end":{"line":92,"column":8}},{"start":{"line":92,"column":8},"end":{"line":92,"column":8}}]},"4":{"line":100,"type":"cond-expr","locations":[{"start":{"line":100,"column":66},"end":{"line":100,"column":67}},{"start":{"line":100,"column":98},"end":{"line":100,"column":120}}]},"5":{"line":101,"type":"cond-expr","locations":[{"start":{"line":101,"column":66},"end":{"line":101,"column":76}},{"start":{"line":101,"column":98},"end":{"line":101,"column":112}}]},"6":{"line":102,"type":"cond-expr","locations":[{"start":{"line":102,"column":66},"end":{"line":102,"column":71}},{"start":{"line":102,"column":98},"end":{"line":102,"column":112}}]},"7":{"line":103,"type":"cond-expr","locations":[{"start":{"line":103,"column":66},"end":{"line":103,"column":95}},{"start":{"line":103,"column":98},"end":{"line":103,"column":121}}]},"8":{"line":111,"type":"if","locations":[{"start":{"line":111,"column":16},"end":{"line":111,"column":16}},{"start":{"line":111,"column":16},"end":{"line":111,"column":16}}]},"9":{"line":116,"type":"if","locations":[{"start":{"line":116,"column":22},"end":{"line":116,"column":22}},{"start":{"line":116,"column":22},"end":{"line":116,"column":22}}]},"10":{"line":160,"type":"if","locations":[{"start":{"line":160,"column":12},"end":{"line":160,"column":12}},{"start":{"line":160,"column":12},"end":{"line":160,"column":12}}]},"11":{"line":165,"type":"if","locations":[{"start":{"line":165,"column":18},"end":{"line":165,"column":18}},{"start":{"line":165,"column":18},"end":{"line":165,"column":18}}]},"12":{"line":179,"type":"if","locations":[{"start":{"line":179,"column":8},"end":{"line":179,"column":8}},{"start":{"line":179,"column":8},"end":{"line":179,"column":8}}]},"13":{"line":208,"type":"if","locations":[{"start":{"line":208,"column":4},"end":{"line":208,"column":4}},{"start":{"line":208,"column":4},"end":{"line":208,"column":4}}]},"14":{"line":241,"type":"if","locations":[{"start":{"line":241,"column":12},"end":{"line":241,"column":12}},{"start":{"line":241,"column":12},"end":{"line":241,"column":12}}]},"15":{"line":244,"type":"if","locations":[{"start":{"line":244,"column":18},"end":{"line":244,"column":18}},{"start":{"line":244,"column":18},"end":{"line":244,"column":18}}]},"16":{"line":268,"type":"if","locations":[{"start":{"line":268,"column":12},"end":{"line":268,"column":12}},{"start":{"line":268,"column":12},"end":{"line":268,"column":12}}]},"17":{"line":271,"type":"if","locations":[{"start":{"line":271,"column":18},"end":{"line":271,"column":18}},{"start":{"line":271,"column":18},"end":{"line":271,"column":18}}]}}},"/home/nathan/Documents/workspace/lib/Hero Academia/dal/teacher.js":{"path":"/home/nathan/Documents/workspace/lib/Hero Academia/dal/teacher.js","s":{"1":1,"2":1,"3":1,"4":1,"5":3,"6":1,"7":0,"8":1,"9":1,"10":1,"11":1,"12":0,"13":1,"14":0,"15":1,"16":0,"17":1,"18":1,"19":1,"20":0,"21":1,"22":1,"23":1,"24":0,"25":0,"26":0,"27":0,"28":0,"29":1,"30":0,"31":0,"32":0,"33":0},"b":{"1":[0,0]},"f":{"1":1,"2":3,"3":0,"4":1,"5":1,"6":0,"7":0,"8":0,"9":1,"10":0,"11":1,"12":0,"13":0,"14":0,"15":0},"fnMap":{"1":{"name":"create","line":18,"loc":{"start":{"line":18,"column":34},"end":{"line":18,"column":92}}},"2":{"name":"getPublic","line":28,"loc":{"start":{"line":28,"column":34},"end":{"line":28,"column":92}}},"3":{"name":"getPrivate","line":38,"loc":{"start":{"line":38,"column":34},"end":{"line":38,"column":92}}},"4":{"name":"getCollectionsPaginated","line":49,"loc":{"start":{"line":49,"column":34},"end":{"line":49,"column":92}}},"5":{"name":"(anonymous_5)","line":50,"loc":{"start":{"line":50,"column":32},"end":{"line":50,"column":52}}},"6":{"name":"getAllCollection","line":61,"loc":{"start":{"line":61,"column":34},"end":{"line":61,"column":92}}},"7":{"name":"(anonymous_7)","line":71,"loc":{"start":{"line":71,"column":16},"end":{"line":71,"column":43}}},"8":{"name":"update","line":82,"loc":{"start":{"line":82,"column":34},"end":{"line":82,"column":92}}},"9":{"name":"updateMany","line":93,"loc":{"start":{"line":93,"column":34},"end":{"line":93,"column":92}}},"10":{"name":"remove","line":103,"loc":{"start":{"line":103,"column":34},"end":{"line":103,"column":92}}},"11":{"name":"removeMany","line":113,"loc":{"start":{"line":113,"column":34},"end":{"line":113,"column":92}}},"12":{"name":"(anonymous_12)","line":125,"loc":{"start":{"line":125,"column":34},"end":{"line":125,"column":84}}},"13":{"name":"(anonymous_13)","line":126,"loc":{"start":{"line":126,"column":24},"end":{"line":126,"column":45}}},"14":{"name":"(anonymous_14)","line":143,"loc":{"start":{"line":143,"column":36},"end":{"line":143,"column":86}}},"15":{"name":"(anonymous_15)","line":144,"loc":{"start":{"line":144,"column":24},"end":{"line":144,"column":45}}}},"statementMap":{"1":{"start":{"line":10,"column":0},"end":{"line":10,"column":40}},"2":{"start":{"line":18,"column":0},"end":{"line":20,"column":2}},"3":{"start":{"line":19,"column":4},"end":{"line":19,"column":32}},"4":{"start":{"line":28,"column":0},"end":{"line":30,"column":2}},"5":{"start":{"line":29,"column":4},"end":{"line":29,"column":45}},"6":{"start":{"line":38,"column":0},"end":{"line":40,"column":2}},"7":{"start":{"line":39,"column":4},"end":{"line":39,"column":35}},"8":{"start":{"line":49,"column":0},"end":{"line":53,"column":2}},"9":{"start":{"line":50,"column":4},"end":{"line":52,"column":7}},"10":{"start":{"line":51,"column":8},"end":{"line":51,"column":28}},"11":{"start":{"line":61,"column":0},"end":{"line":63,"column":2}},"12":{"start":{"line":62,"column":4},"end":{"line":62,"column":42}},"13":{"start":{"line":71,"column":0},"end":{"line":73,"column":2}},"14":{"start":{"line":72,"column":4},"end":{"line":72,"column":41}},"15":{"start":{"line":82,"column":0},"end":{"line":84,"column":2}},"16":{"start":{"line":83,"column":4},"end":{"line":83,"column":80}},"17":{"start":{"line":93,"column":0},"end":{"line":95,"column":2}},"18":{"start":{"line":94,"column":4},"end":{"line":94,"column":50}},"19":{"start":{"line":103,"column":0},"end":{"line":105,"column":2}},"20":{"start":{"line":104,"column":4},"end":{"line":104,"column":54}},"21":{"start":{"line":113,"column":0},"end":{"line":115,"column":2}},"22":{"start":{"line":114,"column":4},"end":{"line":114,"column":37}},"23":{"start":{"line":125,"column":0},"end":{"line":133,"column":2}},"24":{"start":{"line":126,"column":4},"end":{"line":132,"column":7}},"25":{"start":{"line":127,"column":8},"end":{"line":129,"column":9}},"26":{"start":{"line":128,"column":12},"end":{"line":128,"column":50}},"27":{"start":{"line":130,"column":8},"end":{"line":130,"column":20}},"28":{"start":{"line":131,"column":8},"end":{"line":131,"column":27}},"29":{"start":{"line":143,"column":0},"end":{"line":149,"column":2}},"30":{"start":{"line":144,"column":4},"end":{"line":148,"column":7}},"31":{"start":{"line":145,"column":8},"end":{"line":145,"column":46}},"32":{"start":{"line":146,"column":8},"end":{"line":146,"column":20}},"33":{"start":{"line":147,"column":8},"end":{"line":147,"column":27}}},"branchMap":{"1":{"line":127,"type":"if","locations":[{"start":{"line":127,"column":8},"end":{"line":127,"column":8}},{"start":{"line":127,"column":8},"end":{"line":127,"column":8}}]}}},"/home/nathan/Documents/workspace/lib/Hero Academia/model/teacher.js":{"path":"/home/nathan/Documents/workspace/lib/Hero Academia/model/teacher.js","s":{"1":1,"2":1,"3":1,"4":1,"5":1,"6":1,"7":1,"8":1,"9":1,"10":1,"11":1,"12":0,"13":0,"14":1,"15":1,"16":1,"17":1,"18":1,"19":0,"20":0,"21":1},"b":{"1":[1,0],"2":[1,0]},"f":{"1":1,"2":1},"fnMap":{"1":{"name":"preSave","line":53,"loc":{"start":{"line":53,"column":19},"end":{"line":53,"column":42}}},"2":{"name":"(anonymous_2)","line":72,"loc":{"start":{"line":72,"column":28},"end":{"line":72,"column":51}}}},"statementMap":{"1":{"start":{"line":10,"column":0},"end":{"line":16,"column":55}},"2":{"start":{"line":18,"column":0},"end":{"line":34,"column":3}},"3":{"start":{"line":40,"column":0},"end":{"line":40,"column":33}},"4":{"start":{"line":45,"column":0},"end":{"line":49,"column":3}},"5":{"start":{"line":53,"column":0},"end":{"line":65,"column":3}},"6":{"start":{"line":54,"column":4},"end":{"line":54,"column":30}},"7":{"start":{"line":55,"column":4},"end":{"line":55,"column":25}},"8":{"start":{"line":57,"column":4},"end":{"line":64,"column":5}},"9":{"start":{"line":58,"column":8},"end":{"line":58,"column":57}},"10":{"start":{"line":59,"column":8},"end":{"line":59,"column":57}},"11":{"start":{"line":60,"column":8},"end":{"line":60,"column":15}},"12":{"start":{"line":62,"column":8},"end":{"line":62,"column":57}},"13":{"start":{"line":63,"column":8},"end":{"line":63,"column":15}},"14":{"start":{"line":67,"column":0},"end":{"line":67,"column":55}},"15":{"start":{"line":72,"column":0},"end":{"line":80,"column":3}},"16":{"start":{"line":73,"column":4},"end":{"line":79,"column":5}},"17":{"start":{"line":74,"column":8},"end":{"line":74,"column":37}},"18":{"start":{"line":75,"column":8},"end":{"line":75,"column":35}},"19":{"start":{"line":77,"column":8},"end":{"line":77,"column":36}},"20":{"start":{"line":78,"column":8},"end":{"line":78,"column":28}},"21":{"start":{"line":82,"column":0},"end":{"line":82,"column":31}}},"branchMap":{"1":{"line":57,"type":"if","locations":[{"start":{"line":57,"column":4},"end":{"line":57,"column":4}},{"start":{"line":57,"column":4},"end":{"line":57,"column":4}}]},"2":{"line":73,"type":"if","locations":[{"start":{"line":73,"column":4},"end":{"line":73,"column":4}},{"start":{"line":73,"column":4},"end":{"line":73,"column":4}}]}}},"/home/nathan/Documents/workspace/lib/Hero Academia/lib/constant/index.js":{"path":"/home/nathan/Documents/workspace/lib/Hero Academia/lib/constant/index.js","s":{"1":1,"2":1},"b":{},"f":{},"fnMap":{},"statementMap":{"1":{"start":{"line":11,"column":0},"end":{"line":13,"column":42}},"2":{"start":{"line":15,"column":0},"end":{"line":18,"column":2}}},"branchMap":{}},"/home/nathan/Documents/workspace/lib/Hero Academia/lib/constant/constant.js":{"path":"/home/nathan/Documents/workspace/lib/Hero Academia/lib/constant/constant.js","s":{"1":1},"b":{},"f":{},"fnMap":{},"statementMap":{"1":{"start":{"line":14,"column":0},"end":{"line":163,"column":2}}},"branchMap":{}},"/home/nathan/Documents/workspace/lib/Hero Academia/lib/constant/errorCodes.js":{"path":"/home/nathan/Documents/workspace/lib/Hero Academia/lib/constant/errorCodes.js","s":{"1":1},"b":{},"f":{},"fnMap":{},"statementMap":{"1":{"start":{"line":13,"column":0},"end":{"line":220,"column":2}}},"branchMap":{}},"/home/nathan/Documents/workspace/lib/Hero Academia/lib/helper/index.js":{"path":"/home/nathan/Documents/workspace/lib/Hero Academia/lib/helper/index.js","s":{"1":1,"2":1},"b":{},"f":{},"fnMap":{},"statementMap":{"1":{"start":{"line":11,"column":0},"end":{"line":13,"column":60}},"2":{"start":{"line":20,"column":0},"end":{"line":23,"column":2}}},"branchMap":{}},"/home/nathan/Documents/workspace/lib/Hero Academia/lib/helper/api/index.js":{"path":"/home/nathan/Documents/workspace/lib/Hero Academia/lib/helper/api/index.js","s":{"1":1,"2":1,"3":0,"4":0,"5":1,"6":0,"7":0,"8":0,"9":0,"10":0,"11":0,"12":0,"13":0,"14":1,"15":0,"16":0,"17":0,"18":0,"19":0,"20":0,"21":0},"b":{"1":[0,0],"2":[0,0],"3":[0,0]},"f":{"1":0,"2":0,"3":0,"4":0},"fnMap":{"1":{"name":"authOption","line":34,"loc":{"start":{"line":34,"column":0},"end":{"line":34,"column":52}}},"2":{"name":"responseHandler","line":58,"loc":{"start":{"line":58,"column":0},"end":{"line":58,"column":52}}},"3":{"name":"request","line":83,"loc":{"start":{"line":83,"column":18},"end":{"line":83,"column":70}}},"4":{"name":"(anonymous_4)","line":87,"loc":{"start":{"line":87,"column":25},"end":{"line":87,"column":49}}}},"statementMap":{"1":{"start":{"line":10,"column":0},"end":{"line":15,"column":47}},"2":{"start":{"line":34,"column":0},"end":{"line":48,"column":1}},"3":{"start":{"line":35,"column":4},"end":{"line":35,"column":42}},"4":{"start":{"line":37,"column":4},"end":{"line":47,"column":6}},"5":{"start":{"line":58,"column":0},"end":{"line":72,"column":1}},"6":{"start":{"line":59,"column":4},"end":{"line":59,"column":38}},"7":{"start":{"line":61,"column":4},"end":{"line":61,"column":38}},"8":{"start":{"line":62,"column":4},"end":{"line":71,"column":5}},"9":{"start":{"line":63,"column":8},"end":{"line":63,"column":31}},"10":{"start":{"line":65,"column":8},"end":{"line":70,"column":9}},"11":{"start":{"line":66,"column":12},"end":{"line":66,"column":47}},"12":{"start":{"line":68,"column":12},"end":{"line":68,"column":47}},"13":{"start":{"line":69,"column":12},"end":{"line":69,"column":39}},"14":{"start":{"line":83,"column":0},"end":{"line":95,"column":2}},"15":{"start":{"line":84,"column":4},"end":{"line":84,"column":27}},"16":{"start":{"line":86,"column":4},"end":{"line":86,"column":50}},"17":{"start":{"line":87,"column":4},"end":{"line":93,"column":7}},"18":{"start":{"line":88,"column":8},"end":{"line":88,"column":52}},"19":{"start":{"line":89,"column":8},"end":{"line":91,"column":9}},"20":{"start":{"line":90,"column":12},"end":{"line":90,"column":39}},"21":{"start":{"line":92,"column":8},"end":{"line":92,"column":47}}},"branchMap":{"1":{"line":62,"type":"if","locations":[{"start":{"line":62,"column":4},"end":{"line":62,"column":4}},{"start":{"line":62,"column":4},"end":{"line":62,"column":4}}]},"2":{"line":62,"type":"binary-expr","locations":[{"start":{"line":62,"column":7},"end":{"line":62,"column":31}},{"start":{"line":62,"column":35},"end":{"line":62,"column":58}}]},"3":{"line":89,"type":"if","locations":[{"start":{"line":89,"column":8},"end":{"line":89,"column":8}},{"start":{"line":89,"column":8},"end":{"line":89,"column":8}}]}}},"/home/nathan/Documents/workspace/lib/Hero Academia/lib/helper/others/controllerHelper.js":{"path":"/home/nathan/Documents/workspace/lib/Hero Academia/lib/helper/others/controllerHelper.js","s":{"1":1,"2":1,"3":28,"4":28,"5":4,"6":4,"7":4,"8":4,"9":4,"10":24,"11":1,"12":4,"13":4,"14":0,"15":4,"16":4,"17":0,"18":0,"19":0,"20":0,"21":0,"22":4,"23":4,"24":1,"25":12,"26":12,"27":12,"28":102,"29":68,"30":102,"31":12,"32":1,"33":24,"34":24,"35":252,"36":12,"37":24},"b":{"1":[4,24],"2":[0,4],"3":[68,34],"4":[12,90],"5":[12,240]},"f":{"1":28,"2":4,"3":0,"4":12,"5":102,"6":24,"7":252},"fnMap":{"1":{"name":"queryResponseHandler","line":24,"loc":{"start":{"line":24,"column":34},"end":{"line":24,"column":92}}},"2":{"name":"dataValidator","line":47,"loc":{"start":{"line":47,"column":34},"end":{"line":47,"column":92}}},"3":{"name":"(anonymous_3)","line":50,"loc":{"start":{"line":50,"column":27},"end":{"line":50,"column":47}}},"4":{"name":"pickUpdateData","line":78,"loc":{"start":{"line":78,"column":34},"end":{"line":78,"column":92}}},"5":{"name":"(anonymous_5)","line":82,"loc":{"start":{"line":82,"column":23},"end":{"line":82,"column":46}}},"6":{"name":"queryFilter","line":99,"loc":{"start":{"line":99,"column":34},"end":{"line":99,"column":92}}},"7":{"name":"(anonymous_7)","line":101,"loc":{"start":{"line":101,"column":23},"end":{"line":101,"column":42}}}},"statementMap":{"1":{"start":{"line":10,"column":0},"end":{"line":14,"column":38}},"2":{"start":{"line":24,"column":0},"end":{"line":37,"column":2}},"3":{"start":{"line":25,"column":4},"end":{"line":25,"column":44}},"4":{"start":{"line":27,"column":4},"end":{"line":36,"column":5}},"5":{"start":{"line":29,"column":9},"end":{"line":29,"column":44}},"6":{"start":{"line":30,"column":9},"end":{"line":30,"column":49}},"7":{"start":{"line":31,"column":9},"end":{"line":31,"column":27}},"8":{"start":{"line":32,"column":9},"end":{"line":32,"column":25}},"9":{"start":{"line":33,"column":9},"end":{"line":33,"column":26}},"10":{"start":{"line":35,"column":8},"end":{"line":35,"column":27}},"11":{"start":{"line":47,"column":0},"end":{"line":69,"column":2}},"12":{"start":{"line":48,"column":4},"end":{"line":48,"column":36}},"13":{"start":{"line":50,"column":4},"end":{"line":53,"column":7}},"14":{"start":{"line":51,"column":8},"end":{"line":52,"column":69}},"15":{"start":{"line":55,"column":4},"end":{"line":55,"column":49}},"16":{"start":{"line":57,"column":4},"end":{"line":68,"column":5}},"17":{"start":{"line":58,"column":8},"end":{"line":58,"column":34}},"18":{"start":{"line":60,"column":8},"end":{"line":60,"column":54}},"19":{"start":{"line":61,"column":8},"end":{"line":61,"column":41}},"20":{"start":{"line":63,"column":8},"end":{"line":63,"column":24}},"21":{"start":{"line":64,"column":8},"end":{"line":64,"column":26}},"22":{"start":{"line":66,"column":8},"end":{"line":66,"column":35}},"23":{"start":{"line":67,"column":8},"end":{"line":67,"column":23}},"24":{"start":{"line":78,"column":0},"end":{"line":90,"column":2}},"25":{"start":{"line":79,"column":4},"end":{"line":79,"column":38}},"26":{"start":{"line":81,"column":4},"end":{"line":81,"column":24}},"27":{"start":{"line":82,"column":4},"end":{"line":89,"column":7}},"28":{"start":{"line":83,"column":8},"end":{"line":85,"column":9}},"29":{"start":{"line":84,"column":12},"end":{"line":84,"column":48}},"30":{"start":{"line":86,"column":8},"end":{"line":88,"column":9}},"31":{"start":{"line":87,"column":12},"end":{"line":87,"column":38}},"32":{"start":{"line":99,"column":0},"end":{"line":107,"column":2}},"33":{"start":{"line":100,"column":4},"end":{"line":100,"column":19}},"34":{"start":{"line":101,"column":4},"end":{"line":105,"column":7}},"35":{"start":{"line":102,"column":8},"end":{"line":104,"column":9}},"36":{"start":{"line":103,"column":12},"end":{"line":103,"column":47}},"37":{"start":{"line":106,"column":4},"end":{"line":106,"column":17}}},"branchMap":{"1":{"line":27,"type":"if","locations":[{"start":{"line":27,"column":4},"end":{"line":27,"column":4}},{"start":{"line":27,"column":4},"end":{"line":27,"column":4}}]},"2":{"line":57,"type":"if","locations":[{"start":{"line":57,"column":4},"end":{"line":57,"column":4}},{"start":{"line":57,"column":4},"end":{"line":57,"column":4}}]},"3":{"line":83,"type":"if","locations":[{"start":{"line":83,"column":8},"end":{"line":83,"column":8}},{"start":{"line":83,"column":8},"end":{"line":83,"column":8}}]},"4":{"line":86,"type":"if","locations":[{"start":{"line":86,"column":8},"end":{"line":86,"column":8}},{"start":{"line":86,"column":8},"end":{"line":86,"column":8}}]},"5":{"line":102,"type":"if","locations":[{"start":{"line":102,"column":8},"end":{"line":102,"column":8}},{"start":{"line":102,"column":8},"end":{"line":102,"column":8}}]}}},"/home/nathan/Documents/workspace/lib/Hero Academia/lib/helper/others/logger.js":{"path":"/home/nathan/Documents/workspace/lib/Hero Academia/lib/helper/others/logger.js","s":{"1":1,"2":1,"3":0,"4":0,"5":0,"6":0,"7":0},"b":{},"f":{"1":0},"fnMap":{"1":{"name":"(anonymous_1)","line":21,"loc":{"start":{"line":21,"column":14},"end":{"line":21,"column":40}}}},"statementMap":{"1":{"start":{"line":10,"column":0},"end":{"line":13,"column":57}},"2":{"start":{"line":21,"column":0},"end":{"line":43,"column":2}},"3":{"start":{"line":22,"column":4},"end":{"line":22,"column":15}},"4":{"start":{"line":23,"column":4},"end":{"line":41,"column":5}},"5":{"start":{"line":24,"column":8},"end":{"line":38,"column":11}},"6":{"start":{"line":40,"column":8},"end":{"line":40,"column":25}},"7":{"start":{"line":42,"column":4},"end":{"line":42,"column":27}}},"branchMap":{}},"/home/nathan/Documents/workspace/lib/Hero Academia/routes/student.js":{"path":"/home/nathan/Documents/workspace/lib/Hero Academia/routes/student.js","s":{"1":1,"2":1,"3":1,"4":1,"5":1,"6":1},"b":{},"f":{},"fnMap":{},"statementMap":{"1":{"start":{"line":10,"column":0},"end":{"line":13,"column":50}},"2":{"start":{"line":50,"column":0},"end":{"line":50,"column":41}},"3":{"start":{"line":100,"column":0},"end":{"line":100,"column":39}},"4":{"start":{"line":146,"column":0},"end":{"line":146,"column":41}},"5":{"start":{"line":183,"column":0},"end":{"line":183,"column":41}},"6":{"start":{"line":185,"column":0},"end":{"line":185,"column":24}}},"branchMap":{}},"/home/nathan/Documents/workspace/lib/Hero Academia/controller/student.js":{"path":"/home/nathan/Documents/workspace/lib/Hero Academia/controller/student.js","s":{"1":1,"2":1,"3":1,"4":1,"5":1,"6":1,"7":1,"8":1,"9":1,"10":1,"11":1,"12":1,"13":1,"14":1,"15":1,"16":1,"17":1,"18":0,"19":0,"20":0,"21":0,"22":1,"23":4,"24":4,"25":3,"26":0,"27":3,"28":1,"29":1,"30":1,"31":1,"32":1,"33":1,"34":1,"35":1,"36":0,"37":0,"38":0,"39":0,"40":0,"41":0,"42":1,"43":3,"44":3,"45":3,"46":1,"47":1,"48":3,"49":3,"50":3,"51":1,"52":1,"53":1,"54":1,"55":2,"56":2,"57":1,"58":2,"59":2,"60":1,"61":1,"62":1,"63":1,"64":1,"65":1,"66":1,"67":1,"68":1,"69":1,"70":2,"71":2,"72":2,"73":1,"74":1,"75":1,"76":1,"77":1,"78":1,"79":1,"80":1,"81":1,"82":3,"83":3,"84":3,"85":3,"86":2,"87":0,"88":0,"89":2,"90":2,"91":2,"92":1,"93":0,"94":0,"95":0,"96":0,"97":0,"98":0,"99":0,"100":0,"101":0,"102":0},"b":{"1":[1,0],"2":[3,1],"3":[0,3],"4":[1,0],"5":[1,0],"6":[1,0],"7":[1,0],"8":[1,0],"9":[0,0],"10":[1,2],"11":[2,0],"12":[1,1],"13":[1,1],"14":[0,2],"15":[2,0],"16":[0,0],"17":[0,0]},"f":{"1":1,"2":1,"3":1,"4":1,"5":1,"6":1,"7":4,"8":1,"9":1,"10":3,"11":1,"12":3,"13":3,"14":2,"15":1,"16":1,"17":2,"18":1,"19":1,"20":3,"21":3,"22":2,"23":0,"24":0,"25":0},"fnMap":{"1":{"name":"(anonymous_1)","line":34,"loc":{"start":{"line":34,"column":26},"end":{"line":34,"column":52}}},"2":{"name":"(anonymous_2)","line":41,"loc":{"start":{"line":41,"column":6},"end":{"line":41,"column":18}}},"3":{"name":"validateData","line":50,"loc":{"start":{"line":50,"column":4},"end":{"line":50,"column":37}}},"4":{"name":"createData","line":61,"loc":{"start":{"line":61,"column":4},"end":{"line":61,"column":35}}},"5":{"name":"(anonymous_5)","line":64,"loc":{"start":{"line":64,"column":31},"end":{"line":64,"column":52}}},"6":{"name":"(anonymous_6)","line":65,"loc":{"start":{"line":65,"column":46},"end":{"line":65,"column":67}}},"7":{"name":"(anonymous_7)","line":88,"loc":{"start":{"line":88,"column":26},"end":{"line":88,"column":52}}},"8":{"name":"(anonymous_8)","line":109,"loc":{"start":{"line":109,"column":56},"end":{"line":109,"column":76}}},"9":{"name":"(anonymous_9)","line":110,"loc":{"start":{"line":110,"column":46},"end":{"line":110,"column":67}}},"10":{"name":"(anonymous_10)","line":139,"loc":{"start":{"line":139,"column":26},"end":{"line":139,"column":52}}},"11":{"name":"(anonymous_11)","line":147,"loc":{"start":{"line":147,"column":6},"end":{"line":147,"column":18}}},"12":{"name":"pickUpdateData","line":156,"loc":{"start":{"line":156,"column":4},"end":{"line":156,"column":56}}},"13":{"name":"(anonymous_13)","line":159,"loc":{"start":{"line":159,"column":161},"end":{"line":159,"column":192}}},"14":{"name":"updateData","line":176,"loc":{"start":{"line":176,"column":4},"end":{"line":176,"column":52}}},"15":{"name":"(anonymous_15)","line":185,"loc":{"start":{"line":185,"column":57},"end":{"line":185,"column":77}}},"16":{"name":"(anonymous_16)","line":186,"loc":{"start":{"line":186,"column":51},"end":{"line":186,"column":72}}},"17":{"name":"(anonymous_17)","line":203,"loc":{"start":{"line":203,"column":26},"end":{"line":203,"column":52}}},"18":{"name":"(anonymous_18)","line":214,"loc":{"start":{"line":214,"column":39},"end":{"line":214,"column":59}}},"19":{"name":"(anonymous_19)","line":215,"loc":{"start":{"line":215,"column":49},"end":{"line":215,"column":70}}},"20":{"name":"getPublic","line":232,"loc":{"start":{"line":232,"column":0},"end":{"line":232,"column":37}}},"21":{"name":"(anonymous_21)","line":239,"loc":{"start":{"line":239,"column":31},"end":{"line":239,"column":51}}},"22":{"name":"(anonymous_22)","line":240,"loc":{"start":{"line":240,"column":42},"end":{"line":240,"column":63}}},"23":{"name":"getPrivate","line":259,"loc":{"start":{"line":259,"column":0},"end":{"line":259,"column":37}}},"24":{"name":"(anonymous_24)","line":266,"loc":{"start":{"line":266,"column":32},"end":{"line":266,"column":52}}},"25":{"name":"(anonymous_25)","line":267,"loc":{"start":{"line":267,"column":42},"end":{"line":267,"column":63}}}},"statementMap":{"1":{"start":{"line":10,"column":0},"end":{"line":24,"column":47}},"2":{"start":{"line":34,"column":0},"end":{"line":79,"column":2}},"3":{"start":{"line":35,"column":4},"end":{"line":35,"column":28}},"4":{"start":{"line":37,"column":4},"end":{"line":37,"column":24}},"5":{"start":{"line":38,"column":4},"end":{"line":43,"column":7}},"6":{"start":{"line":42,"column":8},"end":{"line":42,"column":35}},"7":{"start":{"line":50,"column":4},"end":{"line":54,"column":5}},"8":{"start":{"line":51,"column":8},"end":{"line":51,"column":39}},"9":{"start":{"line":53,"column":8},"end":{"line":53,"column":60}},"10":{"start":{"line":61,"column":4},"end":{"line":78,"column":5}},"11":{"start":{"line":62,"column":8},"end":{"line":62,"column":37}},"12":{"start":{"line":64,"column":8},"end":{"line":77,"column":11}},"13":{"start":{"line":65,"column":12},"end":{"line":76,"column":15}},"14":{"start":{"line":66,"column":16},"end":{"line":75,"column":17}},"15":{"start":{"line":67,"column":20},"end":{"line":67,"column":36}},"16":{"start":{"line":68,"column":20},"end":{"line":68,"column":35}},"17":{"start":{"line":69,"column":20},"end":{"line":69,"column":35}},"18":{"start":{"line":71,"column":20},"end":{"line":71,"column":62}},"19":{"start":{"line":72,"column":20},"end":{"line":72,"column":102}},"20":{"start":{"line":73,"column":20},"end":{"line":73,"column":36}},"21":{"start":{"line":74,"column":20},"end":{"line":74,"column":37}},"22":{"start":{"line":88,"column":0},"end":{"line":130,"column":2}},"23":{"start":{"line":89,"column":4},"end":{"line":89,"column":24}},"24":{"start":{"line":91,"column":4},"end":{"line":126,"column":5}},"25":{"start":{"line":92,"column":8},"end":{"line":97,"column":9}},"26":{"start":{"line":94,"column":12},"end":{"line":94,"column":39}},"27":{"start":{"line":96,"column":12},"end":{"line":96,"column":38}},"28":{"start":{"line":99,"column":8},"end":{"line":105,"column":10}},"29":{"start":{"line":107,"column":8},"end":{"line":107,"column":186}},"30":{"start":{"line":109,"column":8},"end":{"line":125,"column":11}},"31":{"start":{"line":110,"column":12},"end":{"line":124,"column":15}},"32":{"start":{"line":111,"column":16},"end":{"line":123,"column":17}},"33":{"start":{"line":112,"column":20},"end":{"line":112,"column":40}},"34":{"start":{"line":114,"column":20},"end":{"line":114,"column":36}},"35":{"start":{"line":115,"column":20},"end":{"line":115,"column":35}},"36":{"start":{"line":116,"column":22},"end":{"line":123,"column":17}},"37":{"start":{"line":117,"column":20},"end":{"line":117,"column":43}},"38":{"start":{"line":119,"column":20},"end":{"line":119,"column":62}},"39":{"start":{"line":120,"column":20},"end":{"line":120,"column":61}},"40":{"start":{"line":121,"column":20},"end":{"line":121,"column":36}},"41":{"start":{"line":122,"column":20},"end":{"line":122,"column":37}},"42":{"start":{"line":139,"column":0},"end":{"line":194,"column":2}},"43":{"start":{"line":140,"column":4},"end":{"line":140,"column":31}},"44":{"start":{"line":142,"column":4},"end":{"line":142,"column":181}},"45":{"start":{"line":144,"column":4},"end":{"line":149,"column":7}},"46":{"start":{"line":148,"column":8},"end":{"line":148,"column":35}},"47":{"start":{"line":156,"column":4},"end":{"line":168,"column":5}},"48":{"start":{"line":157,"column":8},"end":{"line":157,"column":42}},"49":{"start":{"line":159,"column":8},"end":{"line":167,"column":11}},"50":{"start":{"line":160,"column":12},"end":{"line":165,"column":94}},"51":{"start":{"line":161,"column":16},"end":{"line":161,"column":58}},"52":{"start":{"line":162,"column":16},"end":{"line":162,"column":91}},"53":{"start":{"line":163,"column":16},"end":{"line":163,"column":32}},"54":{"start":{"line":164,"column":16},"end":{"line":164,"column":33}},"55":{"start":{"line":165,"column":18},"end":{"line":165,"column":94}},"56":{"start":{"line":165,"column":62},"end":{"line":165,"column":93}},"57":{"start":{"line":176,"column":4},"end":{"line":193,"column":5}},"58":{"start":{"line":177,"column":8},"end":{"line":177,"column":40}},"59":{"start":{"line":179,"column":8},"end":{"line":192,"column":9}},"60":{"start":{"line":180,"column":16},"end":{"line":180,"column":58}},"61":{"start":{"line":181,"column":16},"end":{"line":181,"column":55}},"62":{"start":{"line":182,"column":16},"end":{"line":182,"column":32}},"63":{"start":{"line":183,"column":16},"end":{"line":183,"column":32}},"64":{"start":{"line":185,"column":13},"end":{"line":191,"column":16}},"65":{"start":{"line":186,"column":17},"end":{"line":190,"column":20}},"66":{"start":{"line":187,"column":21},"end":{"line":187,"column":37}},"67":{"start":{"line":188,"column":21},"end":{"line":188,"column":36}},"68":{"start":{"line":189,"column":21},"end":{"line":189,"column":36}},"69":{"start":{"line":203,"column":0},"end":{"line":221,"column":2}},"70":{"start":{"line":204,"column":4},"end":{"line":204,"column":31}},"71":{"start":{"line":206,"column":4},"end":{"line":206,"column":181}},"72":{"start":{"line":208,"column":4},"end":{"line":220,"column":5}},"73":{"start":{"line":209,"column":12},"end":{"line":209,"column":54}},"74":{"start":{"line":210,"column":12},"end":{"line":210,"column":51}},"75":{"start":{"line":211,"column":12},"end":{"line":211,"column":28}},"76":{"start":{"line":212,"column":12},"end":{"line":212,"column":28}},"77":{"start":{"line":214,"column":11},"end":{"line":219,"column":14}},"78":{"start":{"line":215,"column":15},"end":{"line":218,"column":18}},"79":{"start":{"line":216,"column":19},"end":{"line":216,"column":35}},"80":{"start":{"line":217,"column":19},"end":{"line":217,"column":34}},"81":{"start":{"line":232,"column":0},"end":{"line":250,"column":1}},"82":{"start":{"line":233,"column":4},"end":{"line":233,"column":33}},"83":{"start":{"line":235,"column":4},"end":{"line":237,"column":39}},"84":{"start":{"line":239,"column":4},"end":{"line":249,"column":7}},"85":{"start":{"line":240,"column":8},"end":{"line":248,"column":11}},"86":{"start":{"line":241,"column":12},"end":{"line":247,"column":13}},"87":{"start":{"line":242,"column":16},"end":{"line":242,"column":32}},"88":{"start":{"line":243,"column":16},"end":{"line":243,"column":55}},"89":{"start":{"line":244,"column":18},"end":{"line":247,"column":13}},"90":{"start":{"line":245,"column":16},"end":{"line":245,"column":32}},"91":{"start":{"line":246,"column":16},"end":{"line":246,"column":31}},"92":{"start":{"line":259,"column":0},"end":{"line":277,"column":1}},"93":{"start":{"line":260,"column":4},"end":{"line":260,"column":34}},"94":{"start":{"line":262,"column":4},"end":{"line":264,"column":33}},"95":{"start":{"line":266,"column":4},"end":{"line":276,"column":7}},"96":{"start":{"line":267,"column":8},"end":{"line":275,"column":11}},"97":{"start":{"line":268,"column":12},"end":{"line":274,"column":13}},"98":{"start":{"line":269,"column":16},"end":{"line":269,"column":32}},"99":{"start":{"line":270,"column":16},"end":{"line":270,"column":55}},"100":{"start":{"line":271,"column":18},"end":{"line":274,"column":13}},"101":{"start":{"line":272,"column":16},"end":{"line":272,"column":32}},"102":{"start":{"line":273,"column":16},"end":{"line":273,"column":31}}},"branchMap":{"1":{"line":66,"type":"if","locations":[{"start":{"line":66,"column":16},"end":{"line":66,"column":16}},{"start":{"line":66,"column":16},"end":{"line":66,"column":16}}]},"2":{"line":91,"type":"if","locations":[{"start":{"line":91,"column":4},"end":{"line":91,"column":4}},{"start":{"line":91,"column":4},"end":{"line":91,"column":4}}]},"3":{"line":92,"type":"if","locations":[{"start":{"line":92,"column":8},"end":{"line":92,"column":8}},{"start":{"line":92,"column":8},"end":{"line":92,"column":8}}]},"4":{"line":100,"type":"cond-expr","locations":[{"start":{"line":100,"column":66},"end":{"line":100,"column":67}},{"start":{"line":100,"column":98},"end":{"line":100,"column":120}}]},"5":{"line":101,"type":"cond-expr","locations":[{"start":{"line":101,"column":66},"end":{"line":101,"column":76}},{"start":{"line":101,"column":98},"end":{"line":101,"column":112}}]},"6":{"line":102,"type":"cond-expr","locations":[{"start":{"line":102,"column":66},"end":{"line":102,"column":71}},{"start":{"line":102,"column":98},"end":{"line":102,"column":112}}]},"7":{"line":103,"type":"cond-expr","locations":[{"start":{"line":103,"column":66},"end":{"line":103,"column":95}},{"start":{"line":103,"column":98},"end":{"line":103,"column":121}}]},"8":{"line":111,"type":"if","locations":[{"start":{"line":111,"column":16},"end":{"line":111,"column":16}},{"start":{"line":111,"column":16},"end":{"line":111,"column":16}}]},"9":{"line":116,"type":"if","locations":[{"start":{"line":116,"column":22},"end":{"line":116,"column":22}},{"start":{"line":116,"column":22},"end":{"line":116,"column":22}}]},"10":{"line":160,"type":"if","locations":[{"start":{"line":160,"column":12},"end":{"line":160,"column":12}},{"start":{"line":160,"column":12},"end":{"line":160,"column":12}}]},"11":{"line":165,"type":"if","locations":[{"start":{"line":165,"column":18},"end":{"line":165,"column":18}},{"start":{"line":165,"column":18},"end":{"line":165,"column":18}}]},"12":{"line":179,"type":"if","locations":[{"start":{"line":179,"column":8},"end":{"line":179,"column":8}},{"start":{"line":179,"column":8},"end":{"line":179,"column":8}}]},"13":{"line":208,"type":"if","locations":[{"start":{"line":208,"column":4},"end":{"line":208,"column":4}},{"start":{"line":208,"column":4},"end":{"line":208,"column":4}}]},"14":{"line":241,"type":"if","locations":[{"start":{"line":241,"column":12},"end":{"line":241,"column":12}},{"start":{"line":241,"column":12},"end":{"line":241,"column":12}}]},"15":{"line":244,"type":"if","locations":[{"start":{"line":244,"column":18},"end":{"line":244,"column":18}},{"start":{"line":244,"column":18},"end":{"line":244,"column":18}}]},"16":{"line":268,"type":"if","locations":[{"start":{"line":268,"column":12},"end":{"line":268,"column":12}},{"start":{"line":268,"column":12},"end":{"line":268,"column":12}}]},"17":{"line":271,"type":"if","locations":[{"start":{"line":271,"column":18},"end":{"line":271,"column":18}},{"start":{"line":271,"column":18},"end":{"line":271,"column":18}}]}}},"/home/nathan/Documents/workspace/lib/Hero Academia/dal/student.js":{"path":"/home/nathan/Documents/workspace/lib/Hero Academia/dal/student.js","s":{"1":1,"2":1,"3":1,"4":1,"5":3,"6":1,"7":0,"8":1,"9":1,"10":1,"11":1,"12":0,"13":1,"14":0,"15":1,"16":0,"17":1,"18":1,"19":1,"20":0,"21":1,"22":1,"23":1,"24":0,"25":0,"26":0,"27":0,"28":0,"29":1,"30":0,"31":0,"32":0,"33":0},"b":{"1":[0,0]},"f":{"1":1,"2":3,"3":0,"4":1,"5":1,"6":0,"7":0,"8":0,"9":1,"10":0,"11":1,"12":0,"13":0,"14":0,"15":0},"fnMap":{"1":{"name":"create","line":18,"loc":{"start":{"line":18,"column":34},"end":{"line":18,"column":92}}},"2":{"name":"getPublic","line":28,"loc":{"start":{"line":28,"column":34},"end":{"line":28,"column":92}}},"3":{"name":"getPrivate","line":38,"loc":{"start":{"line":38,"column":34},"end":{"line":38,"column":92}}},"4":{"name":"getCollectionsPaginated","line":49,"loc":{"start":{"line":49,"column":34},"end":{"line":49,"column":92}}},"5":{"name":"(anonymous_5)","line":50,"loc":{"start":{"line":50,"column":32},"end":{"line":50,"column":52}}},"6":{"name":"getAllCollection","line":61,"loc":{"start":{"line":61,"column":34},"end":{"line":61,"column":92}}},"7":{"name":"(anonymous_7)","line":71,"loc":{"start":{"line":71,"column":16},"end":{"line":71,"column":43}}},"8":{"name":"update","line":82,"loc":{"start":{"line":82,"column":34},"end":{"line":82,"column":92}}},"9":{"name":"updateMany","line":93,"loc":{"start":{"line":93,"column":34},"end":{"line":93,"column":92}}},"10":{"name":"remove","line":103,"loc":{"start":{"line":103,"column":34},"end":{"line":103,"column":92}}},"11":{"name":"removeMany","line":113,"loc":{"start":{"line":113,"column":34},"end":{"line":113,"column":92}}},"12":{"name":"(anonymous_12)","line":125,"loc":{"start":{"line":125,"column":34},"end":{"line":125,"column":84}}},"13":{"name":"(anonymous_13)","line":126,"loc":{"start":{"line":126,"column":24},"end":{"line":126,"column":45}}},"14":{"name":"(anonymous_14)","line":143,"loc":{"start":{"line":143,"column":36},"end":{"line":143,"column":86}}},"15":{"name":"(anonymous_15)","line":144,"loc":{"start":{"line":144,"column":24},"end":{"line":144,"column":45}}}},"statementMap":{"1":{"start":{"line":10,"column":0},"end":{"line":10,"column":40}},"2":{"start":{"line":18,"column":0},"end":{"line":20,"column":2}},"3":{"start":{"line":19,"column":4},"end":{"line":19,"column":32}},"4":{"start":{"line":28,"column":0},"end":{"line":30,"column":2}},"5":{"start":{"line":29,"column":4},"end":{"line":29,"column":45}},"6":{"start":{"line":38,"column":0},"end":{"line":40,"column":2}},"7":{"start":{"line":39,"column":4},"end":{"line":39,"column":35}},"8":{"start":{"line":49,"column":0},"end":{"line":53,"column":2}},"9":{"start":{"line":50,"column":4},"end":{"line":52,"column":7}},"10":{"start":{"line":51,"column":8},"end":{"line":51,"column":28}},"11":{"start":{"line":61,"column":0},"end":{"line":63,"column":2}},"12":{"start":{"line":62,"column":4},"end":{"line":62,"column":42}},"13":{"start":{"line":71,"column":0},"end":{"line":73,"column":2}},"14":{"start":{"line":72,"column":4},"end":{"line":72,"column":41}},"15":{"start":{"line":82,"column":0},"end":{"line":84,"column":2}},"16":{"start":{"line":83,"column":4},"end":{"line":83,"column":80}},"17":{"start":{"line":93,"column":0},"end":{"line":95,"column":2}},"18":{"start":{"line":94,"column":4},"end":{"line":94,"column":50}},"19":{"start":{"line":103,"column":0},"end":{"line":105,"column":2}},"20":{"start":{"line":104,"column":4},"end":{"line":104,"column":54}},"21":{"start":{"line":113,"column":0},"end":{"line":115,"column":2}},"22":{"start":{"line":114,"column":4},"end":{"line":114,"column":37}},"23":{"start":{"line":125,"column":0},"end":{"line":133,"column":2}},"24":{"start":{"line":126,"column":4},"end":{"line":132,"column":7}},"25":{"start":{"line":127,"column":8},"end":{"line":129,"column":9}},"26":{"start":{"line":128,"column":12},"end":{"line":128,"column":50}},"27":{"start":{"line":130,"column":8},"end":{"line":130,"column":20}},"28":{"start":{"line":131,"column":8},"end":{"line":131,"column":27}},"29":{"start":{"line":143,"column":0},"end":{"line":149,"column":2}},"30":{"start":{"line":144,"column":4},"end":{"line":148,"column":7}},"31":{"start":{"line":145,"column":8},"end":{"line":145,"column":46}},"32":{"start":{"line":146,"column":8},"end":{"line":146,"column":20}},"33":{"start":{"line":147,"column":8},"end":{"line":147,"column":27}}},"branchMap":{"1":{"line":127,"type":"if","locations":[{"start":{"line":127,"column":8},"end":{"line":127,"column":8}},{"start":{"line":127,"column":8},"end":{"line":127,"column":8}}]}}},"/home/nathan/Documents/workspace/lib/Hero Academia/model/student.js":{"path":"/home/nathan/Documents/workspace/lib/Hero Academia/model/student.js","s":{"1":1,"2":1,"3":1,"4":1,"5":1,"6":1,"7":1,"8":1,"9":1,"10":1,"11":1,"12":0,"13":0,"14":1,"15":1,"16":1,"17":1,"18":1,"19":0,"20":0,"21":1},"b":{"1":[1,0],"2":[1,0]},"f":{"1":1,"2":1},"fnMap":{"1":{"name":"preSave","line":54,"loc":{"start":{"line":54,"column":19},"end":{"line":54,"column":42}}},"2":{"name":"(anonymous_2)","line":73,"loc":{"start":{"line":73,"column":28},"end":{"line":73,"column":51}}}},"statementMap":{"1":{"start":{"line":10,"column":0},"end":{"line":16,"column":55}},"2":{"start":{"line":18,"column":0},"end":{"line":35,"column":3}},"3":{"start":{"line":41,"column":0},"end":{"line":41,"column":33}},"4":{"start":{"line":46,"column":0},"end":{"line":50,"column":3}},"5":{"start":{"line":54,"column":0},"end":{"line":66,"column":3}},"6":{"start":{"line":55,"column":4},"end":{"line":55,"column":30}},"7":{"start":{"line":56,"column":4},"end":{"line":56,"column":25}},"8":{"start":{"line":58,"column":4},"end":{"line":65,"column":5}},"9":{"start":{"line":59,"column":8},"end":{"line":59,"column":57}},"10":{"start":{"line":60,"column":8},"end":{"line":60,"column":57}},"11":{"start":{"line":61,"column":8},"end":{"line":61,"column":15}},"12":{"start":{"line":63,"column":8},"end":{"line":63,"column":57}},"13":{"start":{"line":64,"column":8},"end":{"line":64,"column":15}},"14":{"start":{"line":68,"column":0},"end":{"line":68,"column":55}},"15":{"start":{"line":73,"column":0},"end":{"line":81,"column":3}},"16":{"start":{"line":74,"column":4},"end":{"line":80,"column":5}},"17":{"start":{"line":75,"column":8},"end":{"line":75,"column":37}},"18":{"start":{"line":76,"column":8},"end":{"line":76,"column":35}},"19":{"start":{"line":78,"column":8},"end":{"line":78,"column":36}},"20":{"start":{"line":79,"column":8},"end":{"line":79,"column":28}},"21":{"start":{"line":83,"column":0},"end":{"line":83,"column":31}}},"branchMap":{"1":{"line":58,"type":"if","locations":[{"start":{"line":58,"column":4},"end":{"line":58,"column":4}},{"start":{"line":58,"column":4},"end":{"line":58,"column":4}}]},"2":{"line":74,"type":"if","locations":[{"start":{"line":74,"column":4},"end":{"line":74,"column":4}},{"start":{"line":74,"column":4},"end":{"line":74,"column":4}}]}}},"/home/nathan/Documents/workspace/lib/Hero Academia/routes/tournament.js":{"path":"/home/nathan/Documents/workspace/lib/Hero Academia/routes/tournament.js","s":{"1":1,"2":1,"3":1,"4":1,"5":1,"6":1},"b":{},"f":{},"fnMap":{},"statementMap":{"1":{"start":{"line":10,"column":0},"end":{"line":13,"column":53}},"2":{"start":{"line":50,"column":0},"end":{"line":50,"column":41}},"3":{"start":{"line":100,"column":0},"end":{"line":100,"column":39}},"4":{"start":{"line":146,"column":0},"end":{"line":146,"column":41}},"5":{"start":{"line":183,"column":0},"end":{"line":183,"column":41}},"6":{"start":{"line":185,"column":0},"end":{"line":185,"column":24}}},"branchMap":{}},"/home/nathan/Documents/workspace/lib/Hero Academia/controller/tournament.js":{"path":"/home/nathan/Documents/workspace/lib/Hero Academia/controller/tournament.js","s":{"1":1,"2":1,"3":1,"4":1,"5":1,"6":1,"7":1,"8":1,"9":1,"10":1,"11":1,"12":1,"13":1,"14":1,"15":1,"16":1,"17":1,"18":0,"19":0,"20":0,"21":0,"22":1,"23":4,"24":4,"25":3,"26":0,"27":3,"28":1,"29":1,"30":1,"31":1,"32":1,"33":1,"34":1,"35":1,"36":0,"37":0,"38":0,"39":0,"40":0,"41":0,"42":1,"43":3,"44":3,"45":3,"46":1,"47":1,"48":3,"49":3,"50":3,"51":1,"52":1,"53":1,"54":1,"55":2,"56":2,"57":1,"58":2,"59":2,"60":1,"61":1,"62":1,"63":1,"64":1,"65":1,"66":1,"67":1,"68":1,"69":1,"70":2,"71":2,"72":2,"73":1,"74":1,"75":1,"76":1,"77":1,"78":1,"79":1,"80":1,"81":1,"82":3,"83":3,"84":3,"85":3,"86":2,"87":0,"88":0,"89":2,"90":2,"91":2,"92":1,"93":0,"94":0,"95":0,"96":0,"97":0,"98":0,"99":0,"100":0,"101":0,"102":0},"b":{"1":[1,0],"2":[3,1],"3":[0,3],"4":[1,0],"5":[1,0],"6":[1,0],"7":[1,0],"8":[1,0],"9":[0,0],"10":[1,2],"11":[2,0],"12":[1,1],"13":[1,1],"14":[0,2],"15":[2,0],"16":[0,0],"17":[0,0]},"f":{"1":1,"2":1,"3":1,"4":1,"5":1,"6":1,"7":4,"8":1,"9":1,"10":3,"11":1,"12":3,"13":3,"14":2,"15":1,"16":1,"17":2,"18":1,"19":1,"20":3,"21":3,"22":2,"23":0,"24":0,"25":0},"fnMap":{"1":{"name":"(anonymous_1)","line":34,"loc":{"start":{"line":34,"column":26},"end":{"line":34,"column":52}}},"2":{"name":"(anonymous_2)","line":41,"loc":{"start":{"line":41,"column":6},"end":{"line":41,"column":18}}},"3":{"name":"validateData","line":50,"loc":{"start":{"line":50,"column":4},"end":{"line":50,"column":37}}},"4":{"name":"createData","line":61,"loc":{"start":{"line":61,"column":4},"end":{"line":61,"column":35}}},"5":{"name":"(anonymous_5)","line":64,"loc":{"start":{"line":64,"column":34},"end":{"line":64,"column":55}}},"6":{"name":"(anonymous_6)","line":65,"loc":{"start":{"line":65,"column":46},"end":{"line":65,"column":67}}},"7":{"name":"(anonymous_7)","line":88,"loc":{"start":{"line":88,"column":26},"end":{"line":88,"column":52}}},"8":{"name":"(anonymous_8)","line":109,"loc":{"start":{"line":109,"column":59},"end":{"line":109,"column":79}}},"9":{"name":"(anonymous_9)","line":110,"loc":{"start":{"line":110,"column":46},"end":{"line":110,"column":67}}},"10":{"name":"(anonymous_10)","line":139,"loc":{"start":{"line":139,"column":26},"end":{"line":139,"column":52}}},"11":{"name":"(anonymous_11)","line":147,"loc":{"start":{"line":147,"column":6},"end":{"line":147,"column":18}}},"12":{"name":"pickUpdateData","line":156,"loc":{"start":{"line":156,"column":4},"end":{"line":156,"column":56}}},"13":{"name":"(anonymous_13)","line":159,"loc":{"start":{"line":159,"column":74},"end":{"line":159,"column":105}}},"14":{"name":"updateData","line":176,"loc":{"start":{"line":176,"column":4},"end":{"line":176,"column":52}}},"15":{"name":"(anonymous_15)","line":185,"loc":{"start":{"line":185,"column":60},"end":{"line":185,"column":80}}},"16":{"name":"(anonymous_16)","line":186,"loc":{"start":{"line":186,"column":51},"end":{"line":186,"column":72}}},"17":{"name":"(anonymous_17)","line":203,"loc":{"start":{"line":203,"column":26},"end":{"line":203,"column":52}}},"18":{"name":"(anonymous_18)","line":214,"loc":{"start":{"line":214,"column":42},"end":{"line":214,"column":62}}},"19":{"name":"(anonymous_19)","line":215,"loc":{"start":{"line":215,"column":49},"end":{"line":215,"column":70}}},"20":{"name":"getPublic","line":232,"loc":{"start":{"line":232,"column":0},"end":{"line":232,"column":37}}},"21":{"name":"(anonymous_21)","line":239,"loc":{"start":{"line":239,"column":34},"end":{"line":239,"column":54}}},"22":{"name":"(anonymous_22)","line":240,"loc":{"start":{"line":240,"column":42},"end":{"line":240,"column":63}}},"23":{"name":"getPrivate","line":259,"loc":{"start":{"line":259,"column":0},"end":{"line":259,"column":37}}},"24":{"name":"(anonymous_24)","line":266,"loc":{"start":{"line":266,"column":35},"end":{"line":266,"column":55}}},"25":{"name":"(anonymous_25)","line":267,"loc":{"start":{"line":267,"column":42},"end":{"line":267,"column":63}}}},"statementMap":{"1":{"start":{"line":10,"column":0},"end":{"line":24,"column":47}},"2":{"start":{"line":34,"column":0},"end":{"line":79,"column":2}},"3":{"start":{"line":35,"column":4},"end":{"line":35,"column":28}},"4":{"start":{"line":37,"column":4},"end":{"line":37,"column":24}},"5":{"start":{"line":38,"column":4},"end":{"line":43,"column":7}},"6":{"start":{"line":42,"column":8},"end":{"line":42,"column":35}},"7":{"start":{"line":50,"column":4},"end":{"line":54,"column":5}},"8":{"start":{"line":51,"column":8},"end":{"line":51,"column":39}},"9":{"start":{"line":53,"column":8},"end":{"line":53,"column":60}},"10":{"start":{"line":61,"column":4},"end":{"line":78,"column":5}},"11":{"start":{"line":62,"column":8},"end":{"line":62,"column":37}},"12":{"start":{"line":64,"column":8},"end":{"line":77,"column":11}},"13":{"start":{"line":65,"column":12},"end":{"line":76,"column":15}},"14":{"start":{"line":66,"column":16},"end":{"line":75,"column":17}},"15":{"start":{"line":67,"column":20},"end":{"line":67,"column":36}},"16":{"start":{"line":68,"column":20},"end":{"line":68,"column":35}},"17":{"start":{"line":69,"column":20},"end":{"line":69,"column":35}},"18":{"start":{"line":71,"column":20},"end":{"line":71,"column":62}},"19":{"start":{"line":72,"column":20},"end":{"line":72,"column":108}},"20":{"start":{"line":73,"column":20},"end":{"line":73,"column":36}},"21":{"start":{"line":74,"column":20},"end":{"line":74,"column":37}},"22":{"start":{"line":88,"column":0},"end":{"line":130,"column":2}},"23":{"start":{"line":89,"column":4},"end":{"line":89,"column":24}},"24":{"start":{"line":91,"column":4},"end":{"line":126,"column":5}},"25":{"start":{"line":92,"column":8},"end":{"line":97,"column":9}},"26":{"start":{"line":94,"column":12},"end":{"line":94,"column":39}},"27":{"start":{"line":96,"column":12},"end":{"line":96,"column":38}},"28":{"start":{"line":99,"column":8},"end":{"line":105,"column":10}},"29":{"start":{"line":107,"column":8},"end":{"line":107,"column":99}},"30":{"start":{"line":109,"column":8},"end":{"line":125,"column":11}},"31":{"start":{"line":110,"column":12},"end":{"line":124,"column":15}},"32":{"start":{"line":111,"column":16},"end":{"line":123,"column":17}},"33":{"start":{"line":112,"column":20},"end":{"line":112,"column":40}},"34":{"start":{"line":114,"column":20},"end":{"line":114,"column":36}},"35":{"start":{"line":115,"column":20},"end":{"line":115,"column":35}},"36":{"start":{"line":116,"column":22},"end":{"line":123,"column":17}},"37":{"start":{"line":117,"column":20},"end":{"line":117,"column":43}},"38":{"start":{"line":119,"column":20},"end":{"line":119,"column":62}},"39":{"start":{"line":120,"column":20},"end":{"line":120,"column":64}},"40":{"start":{"line":121,"column":20},"end":{"line":121,"column":36}},"41":{"start":{"line":122,"column":20},"end":{"line":122,"column":37}},"42":{"start":{"line":139,"column":0},"end":{"line":194,"column":2}},"43":{"start":{"line":140,"column":4},"end":{"line":140,"column":31}},"44":{"start":{"line":142,"column":4},"end":{"line":142,"column":94}},"45":{"start":{"line":144,"column":4},"end":{"line":149,"column":7}},"46":{"start":{"line":148,"column":8},"end":{"line":148,"column":35}},"47":{"start":{"line":156,"column":4},"end":{"line":168,"column":5}},"48":{"start":{"line":157,"column":8},"end":{"line":157,"column":42}},"49":{"start":{"line":159,"column":8},"end":{"line":167,"column":11}},"50":{"start":{"line":160,"column":12},"end":{"line":165,"column":94}},"51":{"start":{"line":161,"column":16},"end":{"line":161,"column":58}},"52":{"start":{"line":162,"column":16},"end":{"line":162,"column":91}},"53":{"start":{"line":163,"column":16},"end":{"line":163,"column":32}},"54":{"start":{"line":164,"column":16},"end":{"line":164,"column":33}},"55":{"start":{"line":165,"column":18},"end":{"line":165,"column":94}},"56":{"start":{"line":165,"column":62},"end":{"line":165,"column":93}},"57":{"start":{"line":176,"column":4},"end":{"line":193,"column":5}},"58":{"start":{"line":177,"column":8},"end":{"line":177,"column":40}},"59":{"start":{"line":179,"column":8},"end":{"line":192,"column":9}},"60":{"start":{"line":180,"column":16},"end":{"line":180,"column":58}},"61":{"start":{"line":181,"column":16},"end":{"line":181,"column":55}},"62":{"start":{"line":182,"column":16},"end":{"line":182,"column":32}},"63":{"start":{"line":183,"column":16},"end":{"line":183,"column":32}},"64":{"start":{"line":185,"column":13},"end":{"line":191,"column":16}},"65":{"start":{"line":186,"column":17},"end":{"line":190,"column":20}},"66":{"start":{"line":187,"column":21},"end":{"line":187,"column":37}},"67":{"start":{"line":188,"column":21},"end":{"line":188,"column":36}},"68":{"start":{"line":189,"column":21},"end":{"line":189,"column":36}},"69":{"start":{"line":203,"column":0},"end":{"line":221,"column":2}},"70":{"start":{"line":204,"column":4},"end":{"line":204,"column":31}},"71":{"start":{"line":206,"column":4},"end":{"line":206,"column":94}},"72":{"start":{"line":208,"column":4},"end":{"line":220,"column":5}},"73":{"start":{"line":209,"column":12},"end":{"line":209,"column":54}},"74":{"start":{"line":210,"column":12},"end":{"line":210,"column":51}},"75":{"start":{"line":211,"column":12},"end":{"line":211,"column":28}},"76":{"start":{"line":212,"column":12},"end":{"line":212,"column":28}},"77":{"start":{"line":214,"column":11},"end":{"line":219,"column":14}},"78":{"start":{"line":215,"column":15},"end":{"line":218,"column":18}},"79":{"start":{"line":216,"column":19},"end":{"line":216,"column":35}},"80":{"start":{"line":217,"column":19},"end":{"line":217,"column":34}},"81":{"start":{"line":232,"column":0},"end":{"line":250,"column":1}},"82":{"start":{"line":233,"column":4},"end":{"line":233,"column":33}},"83":{"start":{"line":235,"column":4},"end":{"line":237,"column":42}},"84":{"start":{"line":239,"column":4},"end":{"line":249,"column":7}},"85":{"start":{"line":240,"column":8},"end":{"line":248,"column":11}},"86":{"start":{"line":241,"column":12},"end":{"line":247,"column":13}},"87":{"start":{"line":242,"column":16},"end":{"line":242,"column":32}},"88":{"start":{"line":243,"column":16},"end":{"line":243,"column":55}},"89":{"start":{"line":244,"column":18},"end":{"line":247,"column":13}},"90":{"start":{"line":245,"column":16},"end":{"line":245,"column":32}},"91":{"start":{"line":246,"column":16},"end":{"line":246,"column":31}},"92":{"start":{"line":259,"column":0},"end":{"line":277,"column":1}},"93":{"start":{"line":260,"column":4},"end":{"line":260,"column":34}},"94":{"start":{"line":262,"column":4},"end":{"line":264,"column":36}},"95":{"start":{"line":266,"column":4},"end":{"line":276,"column":7}},"96":{"start":{"line":267,"column":8},"end":{"line":275,"column":11}},"97":{"start":{"line":268,"column":12},"end":{"line":274,"column":13}},"98":{"start":{"line":269,"column":16},"end":{"line":269,"column":32}},"99":{"start":{"line":270,"column":16},"end":{"line":270,"column":55}},"100":{"start":{"line":271,"column":18},"end":{"line":274,"column":13}},"101":{"start":{"line":272,"column":16},"end":{"line":272,"column":32}},"102":{"start":{"line":273,"column":16},"end":{"line":273,"column":31}}},"branchMap":{"1":{"line":66,"type":"if","locations":[{"start":{"line":66,"column":16},"end":{"line":66,"column":16}},{"start":{"line":66,"column":16},"end":{"line":66,"column":16}}]},"2":{"line":91,"type":"if","locations":[{"start":{"line":91,"column":4},"end":{"line":91,"column":4}},{"start":{"line":91,"column":4},"end":{"line":91,"column":4}}]},"3":{"line":92,"type":"if","locations":[{"start":{"line":92,"column":8},"end":{"line":92,"column":8}},{"start":{"line":92,"column":8},"end":{"line":92,"column":8}}]},"4":{"line":100,"type":"cond-expr","locations":[{"start":{"line":100,"column":66},"end":{"line":100,"column":67}},{"start":{"line":100,"column":98},"end":{"line":100,"column":120}}]},"5":{"line":101,"type":"cond-expr","locations":[{"start":{"line":101,"column":66},"end":{"line":101,"column":76}},{"start":{"line":101,"column":98},"end":{"line":101,"column":112}}]},"6":{"line":102,"type":"cond-expr","locations":[{"start":{"line":102,"column":66},"end":{"line":102,"column":71}},{"start":{"line":102,"column":98},"end":{"line":102,"column":112}}]},"7":{"line":103,"type":"cond-expr","locations":[{"start":{"line":103,"column":66},"end":{"line":103,"column":95}},{"start":{"line":103,"column":98},"end":{"line":103,"column":121}}]},"8":{"line":111,"type":"if","locations":[{"start":{"line":111,"column":16},"end":{"line":111,"column":16}},{"start":{"line":111,"column":16},"end":{"line":111,"column":16}}]},"9":{"line":116,"type":"if","locations":[{"start":{"line":116,"column":22},"end":{"line":116,"column":22}},{"start":{"line":116,"column":22},"end":{"line":116,"column":22}}]},"10":{"line":160,"type":"if","locations":[{"start":{"line":160,"column":12},"end":{"line":160,"column":12}},{"start":{"line":160,"column":12},"end":{"line":160,"column":12}}]},"11":{"line":165,"type":"if","locations":[{"start":{"line":165,"column":18},"end":{"line":165,"column":18}},{"start":{"line":165,"column":18},"end":{"line":165,"column":18}}]},"12":{"line":179,"type":"if","locations":[{"start":{"line":179,"column":8},"end":{"line":179,"column":8}},{"start":{"line":179,"column":8},"end":{"line":179,"column":8}}]},"13":{"line":208,"type":"if","locations":[{"start":{"line":208,"column":4},"end":{"line":208,"column":4}},{"start":{"line":208,"column":4},"end":{"line":208,"column":4}}]},"14":{"line":241,"type":"if","locations":[{"start":{"line":241,"column":12},"end":{"line":241,"column":12}},{"start":{"line":241,"column":12},"end":{"line":241,"column":12}}]},"15":{"line":244,"type":"if","locations":[{"start":{"line":244,"column":18},"end":{"line":244,"column":18}},{"start":{"line":244,"column":18},"end":{"line":244,"column":18}}]},"16":{"line":268,"type":"if","locations":[{"start":{"line":268,"column":12},"end":{"line":268,"column":12}},{"start":{"line":268,"column":12},"end":{"line":268,"column":12}}]},"17":{"line":271,"type":"if","locations":[{"start":{"line":271,"column":18},"end":{"line":271,"column":18}},{"start":{"line":271,"column":18},"end":{"line":271,"column":18}}]}}},"/home/nathan/Documents/workspace/lib/Hero Academia/dal/tournament.js":{"path":"/home/nathan/Documents/workspace/lib/Hero Academia/dal/tournament.js","s":{"1":1,"2":1,"3":1,"4":1,"5":3,"6":1,"7":0,"8":1,"9":1,"10":1,"11":1,"12":0,"13":1,"14":0,"15":1,"16":0,"17":1,"18":1,"19":1,"20":0,"21":1,"22":1,"23":1,"24":0,"25":0,"26":0,"27":0,"28":0,"29":1,"30":0,"31":0,"32":0,"33":0},"b":{"1":[0,0]},"f":{"1":1,"2":3,"3":0,"4":1,"5":1,"6":0,"7":0,"8":0,"9":1,"10":0,"11":1,"12":0,"13":0,"14":0,"15":0},"fnMap":{"1":{"name":"create","line":18,"loc":{"start":{"line":18,"column":34},"end":{"line":18,"column":92}}},"2":{"name":"getPublic","line":28,"loc":{"start":{"line":28,"column":34},"end":{"line":28,"column":92}}},"3":{"name":"getPrivate","line":38,"loc":{"start":{"line":38,"column":34},"end":{"line":38,"column":92}}},"4":{"name":"getCollectionsPaginated","line":49,"loc":{"start":{"line":49,"column":34},"end":{"line":49,"column":92}}},"5":{"name":"(anonymous_5)","line":50,"loc":{"start":{"line":50,"column":32},"end":{"line":50,"column":52}}},"6":{"name":"getAllCollection","line":61,"loc":{"start":{"line":61,"column":34},"end":{"line":61,"column":92}}},"7":{"name":"(anonymous_7)","line":71,"loc":{"start":{"line":71,"column":16},"end":{"line":71,"column":43}}},"8":{"name":"update","line":82,"loc":{"start":{"line":82,"column":34},"end":{"line":82,"column":92}}},"9":{"name":"updateMany","line":93,"loc":{"start":{"line":93,"column":34},"end":{"line":93,"column":92}}},"10":{"name":"remove","line":103,"loc":{"start":{"line":103,"column":34},"end":{"line":103,"column":92}}},"11":{"name":"removeMany","line":113,"loc":{"start":{"line":113,"column":34},"end":{"line":113,"column":92}}},"12":{"name":"(anonymous_12)","line":125,"loc":{"start":{"line":125,"column":34},"end":{"line":125,"column":84}}},"13":{"name":"(anonymous_13)","line":126,"loc":{"start":{"line":126,"column":24},"end":{"line":126,"column":45}}},"14":{"name":"(anonymous_14)","line":143,"loc":{"start":{"line":143,"column":36},"end":{"line":143,"column":86}}},"15":{"name":"(anonymous_15)","line":144,"loc":{"start":{"line":144,"column":24},"end":{"line":144,"column":45}}}},"statementMap":{"1":{"start":{"line":10,"column":0},"end":{"line":10,"column":43}},"2":{"start":{"line":18,"column":0},"end":{"line":20,"column":2}},"3":{"start":{"line":19,"column":4},"end":{"line":19,"column":32}},"4":{"start":{"line":28,"column":0},"end":{"line":30,"column":2}},"5":{"start":{"line":29,"column":4},"end":{"line":29,"column":45}},"6":{"start":{"line":38,"column":0},"end":{"line":40,"column":2}},"7":{"start":{"line":39,"column":4},"end":{"line":39,"column":35}},"8":{"start":{"line":49,"column":0},"end":{"line":53,"column":2}},"9":{"start":{"line":50,"column":4},"end":{"line":52,"column":7}},"10":{"start":{"line":51,"column":8},"end":{"line":51,"column":28}},"11":{"start":{"line":61,"column":0},"end":{"line":63,"column":2}},"12":{"start":{"line":62,"column":4},"end":{"line":62,"column":42}},"13":{"start":{"line":71,"column":0},"end":{"line":73,"column":2}},"14":{"start":{"line":72,"column":4},"end":{"line":72,"column":41}},"15":{"start":{"line":82,"column":0},"end":{"line":84,"column":2}},"16":{"start":{"line":83,"column":4},"end":{"line":83,"column":80}},"17":{"start":{"line":93,"column":0},"end":{"line":95,"column":2}},"18":{"start":{"line":94,"column":4},"end":{"line":94,"column":50}},"19":{"start":{"line":103,"column":0},"end":{"line":105,"column":2}},"20":{"start":{"line":104,"column":4},"end":{"line":104,"column":54}},"21":{"start":{"line":113,"column":0},"end":{"line":115,"column":2}},"22":{"start":{"line":114,"column":4},"end":{"line":114,"column":37}},"23":{"start":{"line":125,"column":0},"end":{"line":133,"column":2}},"24":{"start":{"line":126,"column":4},"end":{"line":132,"column":7}},"25":{"start":{"line":127,"column":8},"end":{"line":129,"column":9}},"26":{"start":{"line":128,"column":12},"end":{"line":128,"column":50}},"27":{"start":{"line":130,"column":8},"end":{"line":130,"column":20}},"28":{"start":{"line":131,"column":8},"end":{"line":131,"column":27}},"29":{"start":{"line":143,"column":0},"end":{"line":149,"column":2}},"30":{"start":{"line":144,"column":4},"end":{"line":148,"column":7}},"31":{"start":{"line":145,"column":8},"end":{"line":145,"column":46}},"32":{"start":{"line":146,"column":8},"end":{"line":146,"column":20}},"33":{"start":{"line":147,"column":8},"end":{"line":147,"column":27}}},"branchMap":{"1":{"line":127,"type":"if","locations":[{"start":{"line":127,"column":8},"end":{"line":127,"column":8}},{"start":{"line":127,"column":8},"end":{"line":127,"column":8}}]}}},"/home/nathan/Documents/workspace/lib/Hero Academia/model/tournament.js":{"path":"/home/nathan/Documents/workspace/lib/Hero Academia/model/tournament.js","s":{"1":1,"2":1,"3":1,"4":1,"5":1,"6":1,"7":1,"8":1,"9":1,"10":1,"11":1,"12":0,"13":0,"14":1,"15":1,"16":1,"17":1,"18":1,"19":0,"20":0,"21":1},"b":{"1":[1,0],"2":[1,0]},"f":{"1":1,"2":1},"fnMap":{"1":{"name":"preSave","line":46,"loc":{"start":{"line":46,"column":22},"end":{"line":46,"column":45}}},"2":{"name":"(anonymous_2)","line":65,"loc":{"start":{"line":65,"column":31},"end":{"line":65,"column":54}}}},"statementMap":{"1":{"start":{"line":10,"column":0},"end":{"line":16,"column":55}},"2":{"start":{"line":18,"column":0},"end":{"line":27,"column":3}},"3":{"start":{"line":33,"column":0},"end":{"line":33,"column":36}},"4":{"start":{"line":38,"column":0},"end":{"line":42,"column":3}},"5":{"start":{"line":46,"column":0},"end":{"line":58,"column":3}},"6":{"start":{"line":47,"column":4},"end":{"line":47,"column":33}},"7":{"start":{"line":48,"column":4},"end":{"line":48,"column":25}},"8":{"start":{"line":50,"column":4},"end":{"line":57,"column":5}},"9":{"start":{"line":51,"column":8},"end":{"line":51,"column":60}},"10":{"start":{"line":52,"column":8},"end":{"line":52,"column":60}},"11":{"start":{"line":53,"column":8},"end":{"line":53,"column":15}},"12":{"start":{"line":55,"column":8},"end":{"line":55,"column":60}},"13":{"start":{"line":56,"column":8},"end":{"line":56,"column":15}},"14":{"start":{"line":60,"column":0},"end":{"line":60,"column":64}},"15":{"start":{"line":65,"column":0},"end":{"lin
[...]
":115,"column":20},"end":{"line":115,"column":35}},"36":{"start":{"line":116,"column":22},"end":{"line":123,"column":17}},"37":{"start":{"line":117,"column":20},"end":{"line":117,"column":43}},"38":{"start":{"line":119,"column":20},"end":{"line":119,"column":62}},"39":{"start":{"line":120,"column":20},"end":{"line":120,"column":61}},"40":{"start":{"line":121,"column":20},"end":{"line":121,"column":36}},"41":{"start":{"line":122,"column":20},"end":{"line":122,"column":37}},"42":{"start":{"line":139,"column":0},"end":{"line":194,"column":2}},"43":{"start":{"line":140,"column":4},"end":{"line":140,"column":31}},"44":{"start":{"line":142,"column":4},"end":{"line":142,"column":167}},"45":{"start":{"line":144,"column":4},"end":{"line":149,"column":7}},"46":{"start":{"line":148,"column":8},"end":{"line":148,"column":35}},"47":{"start":{"line":156,"column":4},"end":{"line":168,"column":5}},"48":{"start":{"line":157,"column":8},"end":{"line":157,"column":42}},"49":{"start":{"line":159,"column":8},"end":{"line":167,"column":11}},"50":{"start":{"line":160,"column":12},"end":{"line":165,"column":94}},"51":{"start":{"line":161,"column":16},"end":{"line":161,"column":58}},"52":{"start":{"line":162,"column":16},"end":{"line":162,"column":91}},"53":{"start":{"line":163,"column":16},"end":{"line":163,"column":32}},"54":{"start":{"line":164,"column":16},"end":{"line":164,"column":33}},"55":{"start":{"line":165,"column":18},"end":{"line":165,"column":94}},"56":{"start":{"line":165,"column":62},"end":{"line":165,"column":93}},"57":{"start":{"line":176,"column":4},"end":{"line":193,"column":5}},"58":{"start":{"line":177,"column":8},"end":{"line":177,"column":40}},"59":{"start":{"line":179,"column":8},"end":{"line":192,"column":9}},"60":{"start":{"line":180,"column":16},"end":{"line":180,"column":58}},"61":{"start":{"line":181,"column":16},"end":{"line":181,"column":55}},"62":{"start":{"line":182,"column":16},"end":{"line":182,"column":32}},"63":{"start":{"line":183,"column":16},"end":{"line":183,"column":32}},"64":{"start":{"line":185,"column":13},"end":{"line":191,"column":16}},"65":{"start":{"line":186,"column":17},"end":{"line":190,"column":20}},"66":{"start":{"line":187,"column":21},"end":{"line":187,"column":37}},"67":{"start":{"line":188,"column":21},"end":{"line":188,"column":36}},"68":{"start":{"line":189,"column":21},"end":{"line":189,"column":36}},"69":{"start":{"line":203,"column":0},"end":{"line":221,"column":2}},"70":{"start":{"line":204,"column":4},"end":{"line":204,"column":31}},"71":{"start":{"line":206,"column":4},"end":{"line":206,"column":167}},"72":{"start":{"line":208,"column":4},"end":{"line":220,"column":5}},"73":{"start":{"line":209,"column":12},"end":{"line":209,"column":54}},"74":{"start":{"line":210,"column":12},"end":{"line":210,"column":51}},"75":{"start":{"line":211,"column":12},"end":{"line":211,"column":28}},"76":{"start":{"line":212,"column":12},"end":{"line":212,"column":28}},"77":{"start":{"line":214,"column":11},"end":{"line":219,"column":14}},"78":{"start":{"line":215,"column":15},"end":{"line":218,"column":18}},"79":{"start":{"line":216,"column":19},"end":{"line":216,"column":35}},"80":{"start":{"line":217,"column":19},"end":{"line":217,"column":34}},"81":{"start":{"line":232,"column":0},"end":{"line":250,"column":1}},"82":{"start":{"line":233,"column":4},"end":{"line":233,"column":33}},"83":{"start":{"line":235,"column":4},"end":{"line":237,"column":39}},"84":{"start":{"line":239,"column":4},"end":{"line":249,"column":7}},"85":{"start":{"line":240,"column":8},"end":{"line":248,"column":11}},"86":{"start":{"line":241,"column":12},"end":{"line":247,"column":13}},"87":{"start":{"line":242,"column":16},"end":{"line":242,"column":32}},"88":{"start":{"line":243,"column":16},"end":{"line":243,"column":55}},"89":{"start":{"line":244,"column":18},"end":{"line":247,"column":13}},"90":{"start":{"line":245,"column":16},"end":{"line":245,"column":32}},"91":{"start":{"line":246,"column":16},"end":{"line":246,"column":31}},"92":{"start":{"line":259,"column":0},"end":{"line":277,"column":1}},"93":{"start":{"line":260,"column":4},"end":{"line":260,"column":34}},"94":{"start":{"line":262,"column":4},"end":{"line":264,"column":33}},"95":{"start":{"line":266,"column":4},"end":{"line":276,"column":7}},"96":{"start":{"line":267,"column":8},"end":{"line":275,"column":11}},"97":{"start":{"line":268,"column":12},"end":{"line":274,"column":13}},"98":{"start":{"line":269,"column":16},"end":{"line":269,"column":32}},"99":{"start":{"line":270,"column":16},"end":{"line":270,"column":55}},"100":{"start":{"line":271,"column":18},"end":{"line":274,"column":13}},"101":{"start":{"line":272,"column":16},"end":{"line":272,"column":32}},"102":{"start":{"line":273,"column":16},"end":{"line":273,"column":31}}},"branchMap":{"1":{"line":66,"type":"if","locations":[{"start":{"line":66,"column":16},"end":{"line":66,"column":16}},{"start":{"line":66,"column":16},"end":{"line":66,"column":16}}]},"2":{"line":91,"type":"if","locations":[{"start":{"line":91,"column":4},"end":{"line":91,"column":4}},{"start":{"line":91,"column":4},"end":{"line":91,"column":4}}]},"3":{"line":92,"type":"if","locations":[{"start":{"line":92,"column":8},"end":{"line":92,"column":8}},{"start":{"line":92,"column":8},"end":{"line":92,"column":8}}]},"4":{"line":100,"type":"cond-expr","locations":[{"start":{"line":100,"column":66},"end":{"line":100,"column":67}},{"start":{"line":100,"column":98},"end":{"line":100,"column":120}}]},"5":{"line":101,"type":"cond-expr","locations":[{"start":{"line":101,"column":66},"end":{"line":101,"column":76}},{"start":{"line":101,"column":98},"end":{"line":101,"column":112}}]},"6":{"line":102,"type":"cond-expr","locations":[{"start":{"line":102,"column":66},"end":{"line":102,"column":71}},{"start":{"line":102,"column":98},"end":{"line":102,"column":112}}]},"7":{"line":103,"type":"cond-expr","locations":[{"start":{"line":103,"column":66},"end":{"line":103,"column":95}},{"start":{"line":103,"column":98},"end":{"line":103,"column":121}}]},"8":{"line":111,"type":"if","locations":[{"start":{"line":111,"column":16},"end":{"line":111,"column":16}},{"start":{"line":111,"column":16},"end":{"line":111,"column":16}}]},"9":{"line":116,"type":"if","locations":[{"start":{"line":116,"column":22},"end":{"line":116,"column":22}},{"start":{"line":116,"column":22},"end":{"line":116,"column":22}}]},"10":{"line":160,"type":"if","locations":[{"start":{"line":160,"column":12},"end":{"line":160,"column":12}},{"start":{"line":160,"column":12},"end":{"line":160,"column":12}}]},"11":{"line":165,"type":"if","locations":[{"start":{"line":165,"column":18},"end":{"line":165,"column":18}},{"start":{"line":165,"column":18},"end":{"line":165,"column":18}}]},"12":{"line":179,"type":"if","locations":[{"start":{"line":179,"column":8},"end":{"line":179,"column":8}},{"start":{"line":179,"column":8},"end":{"line":179,"column":8}}]},"13":{"line":208,"type":"if","locations":[{"start":{"line":208,"column":4},"end":{"line":208,"column":4}},{"start":{"line":208,"column":4},"end":{"line":208,"column":4}}]},"14":{"line":241,"type":"if","locations":[{"start":{"line":241,"column":12},"end":{"line":241,"column":12}},{"start":{"line":241,"column":12},"end":{"line":241,"column":12}}]},"15":{"line":244,"type":"if","locations":[{"start":{"line":244,"column":18},"end":{"line":244,"column":18}},{"start":{"line":244,"column":18},"end":{"line":244,"column":18}}]},"16":{"line":268,"type":"if","locations":[{"start":{"line":268,"column":12},"end":{"line":268,"column":12}},{"start":{"line":268,"column":12},"end":{"line":268,"column":12}}]},"17":{"line":271,"type":"if","locations":[{"start":{"line":271,"column":18},"end":{"line":271,"column":18}},{"start":{"line":271,"column":18},"end":{"line":271,"column":18}}]}}},"/home/nathan/Documents/workspace/lib/Hero Academia/dal/history.js":{"path":"/home/nathan/Documents/workspace/lib/Hero Academia/dal/history.js","s":{"1":1,"2":1,"3":1,"4":1,"5":3,"6":1,"7":0,"8":1,"9":1,"10":1,"11":1,"12":0,"13":1,"14":0,"15":1,"16":0,"17":1,"18":1,"19":1,"20":0,"21":1,"22":1,"23":1,"24":0,"25":0,"26":0,"27":0,"28":0,"29":1,"30":0,"31":0,"32":0,"33":0},"b":{"1":[0,0]},"f":{"1":1,"2":3,"3":0,"4":1,"5":1,"6":0,"7":0,"8":0,"9":1,"10":0,"11":1,"12":0,"13":0,"14":0,"15":0},"fnMap":{"1":{"name":"create","line":18,"loc":{"start":{"line":18,"column":34},"end":{"line":18,"column":92}}},"2":{"name":"getPublic","line":28,"loc":{"start":{"line":28,"column":34},"end":{"line":28,"column":92}}},"3":{"name":"getPrivate","line":38,"loc":{"start":{"line":38,"column":34},"end":{"line":38,"column":92}}},"4":{"name":"getCollectionsPaginated","line":49,"loc":{"start":{"line":49,"column":34},"end":{"line":49,"column":92}}},"5":{"name":"(anonymous_5)","line":50,"loc":{"start":{"line":50,"column":32},"end":{"line":50,"column":52}}},"6":{"name":"getAllCollection","line":61,"loc":{"start":{"line":61,"column":34},"end":{"line":61,"column":92}}},"7":{"name":"(anonymous_7)","line":71,"loc":{"start":{"line":71,"column":16},"end":{"line":71,"column":43}}},"8":{"name":"update","line":82,"loc":{"start":{"line":82,"column":34},"end":{"line":82,"column":92}}},"9":{"name":"updateMany","line":93,"loc":{"start":{"line":93,"column":34},"end":{"line":93,"column":92}}},"10":{"name":"remove","line":103,"loc":{"start":{"line":103,"column":34},"end":{"line":103,"column":92}}},"11":{"name":"removeMany","line":113,"loc":{"start":{"line":113,"column":34},"end":{"line":113,"column":92}}},"12":{"name":"(anonymous_12)","line":125,"loc":{"start":{"line":125,"column":34},"end":{"line":125,"column":84}}},"13":{"name":"(anonymous_13)","line":126,"loc":{"start":{"line":126,"column":24},"end":{"line":126,"column":45}}},"14":{"name":"(anonymous_14)","line":143,"loc":{"start":{"line":143,"column":36},"end":{"line":143,"column":86}}},"15":{"name":"(anonymous_15)","line":144,"loc":{"start":{"line":144,"column":24},"end":{"line":144,"column":45}}}},"statementMap":{"1":{"start":{"line":10,"column":0},"end":{"line":10,"column":40}},"2":{"start":{"line":18,"column":0},"end":{"line":20,"column":2}},"3":{"start":{"line":19,"column":4},"end":{"line":19,"column":32}},"4":{"start":{"line":28,"column":0},"end":{"line":30,"column":2}},"5":{"start":{"line":29,"column":4},"end":{"line":29,"column":45}},"6":{"start":{"line":38,"column":0},"end":{"line":40,"column":2}},"7":{"start":{"line":39,"column":4},"end":{"line":39,"column":35}},"8":{"start":{"line":49,"column":0},"end":{"line":53,"column":2}},"9":{"start":{"line":50,"column":4},"end":{"line":52,"column":7}},"10":{"start":{"line":51,"column":8},"end":{"line":51,"column":28}},"11":{"start":{"line":61,"column":0},"end":{"line":63,"column":2}},"12":{"start":{"line":62,"column":4},"end":{"line":62,"column":42}},"13":{"start":{"line":71,"column":0},"end":{"line":73,"column":2}},"14":{"start":{"line":72,"column":4},"end":{"line":72,"column":41}},"15":{"start":{"line":82,"column":0},"end":{"line":84,"column":2}},"16":{"start":{"line":83,"column":4},"end":{"line":83,"column":80}},"17":{"start":{"line":93,"column":0},"end":{"line":95,"column":2}},"18":{"start":{"line":94,"column":4},"end":{"line":94,"column":50}},"19":{"start":{"line":103,"column":0},"end":{"line":105,"column":2}},"20":{"start":{"line":104,"column":4},"end":{"line":104,"column":54}},"21":{"start":{"line":113,"column":0},"end":{"line":115,"column":2}},"22":{"start":{"line":114,"column":4},"end":{"line":114,"column":37}},"23":{"start":{"line":125,"column":0},"end":{"line":133,"column":2}},"24":{"start":{"line":126,"column":4},"end":{"line":132,"column":7}},"25":{"start":{"line":127,"column":8},"end":{"line":129,"column":9}},"26":{"start":{"line":128,"column":12},"end":{"line":128,"column":50}},"27":{"start":{"line":130,"column":8},"end":{"line":130,"column":20}},"28":{"start":{"line":131,"column":8},"end":{"line":131,"column":27}},"29":{"start":{"line":143,"column":0},"end":{"line":149,"column":2}},"30":{"start":{"line":144,"column":4},"end":{"line":148,"column":7}},"31":{"start":{"line":145,"column":8},"end":{"line":145,"column":46}},"32":{"start":{"line":146,"column":8},"end":{"line":146,"column":20}},"33":{"start":{"line":147,"column":8},"end":{"line":147,"column":27}}},"branchMap":{"1":{"line":127,"type":"if","locations":[{"start":{"line":127,"column":8},"end":{"line":127,"column":8}},{"start":{"line":127,"column":8},"end":{"line":127,"column":8}}]}}},"/home/nathan/Documents/workspace/lib/Hero Academia/model/history.js":{"path":"/home/nathan/Documents/workspace/lib/Hero Academia/model/history.js","s":{"1":1,"2":1,"3":1,"4":1,"5":1,"6":1,"7":1,"8":1,"9":1,"10":1,"11":1,"12":0,"13":0,"14":1,"15":1,"16":1,"17":1,"18":1,"19":0,"20":0,"21":1},"b":{"1":[1,0],"2":[1,0]},"f":{"1":1,"2":1},"fnMap":{"1":{"name":"preSave","line":49,"loc":{"start":{"line":49,"column":19},"end":{"line":49,"column":42}}},"2":{"name":"(anonymous_2)","line":68,"loc":{"start":{"line":68,"column":28},"end":{"line":68,"column":51}}}},"statementMap":{"1":{"start":{"line":10,"column":0},"end":{"line":16,"column":55}},"2":{"start":{"line":18,"column":0},"end":{"line":30,"column":3}},"3":{"start":{"line":36,"column":0},"end":{"line":36,"column":33}},"4":{"start":{"line":41,"column":0},"end":{"line":45,"column":3}},"5":{"start":{"line":49,"column":0},"end":{"line":61,"column":3}},"6":{"start":{"line":50,"column":4},"end":{"line":50,"column":30}},"7":{"start":{"line":51,"column":4},"end":{"line":51,"column":25}},"8":{"start":{"line":53,"column":4},"end":{"line":60,"column":5}},"9":{"start":{"line":54,"column":8},"end":{"line":54,"column":57}},"10":{"start":{"line":55,"column":8},"end":{"line":55,"column":57}},"11":{"start":{"line":56,"column":8},"end":{"line":56,"column":15}},"12":{"start":{"line":58,"column":8},"end":{"line":58,"column":57}},"13":{"start":{"line":59,"column":8},"end":{"line":59,"column":15}},"14":{"start":{"line":63,"column":0},"end":{"line":63,"column":55}},"15":{"start":{"line":68,"column":0},"end":{"line":76,"column":3}},"16":{"start":{"line":69,"column":4},"end":{"line":75,"column":5}},"17":{"start":{"line":70,"column":8},"end":{"line":70,"column":37}},"18":{"start":{"line":71,"column":8},"end":{"line":71,"column":35}},"19":{"start":{"line":73,"column":8},"end":{"line":73,"column":36}},"20":{"start":{"line":74,"column":8},"end":{"line":74,"column":28}},"21":{"start":{"line":78,"column":0},"end":{"line":78,"column":31}}},"branchMap":{"1":{"line":53,"type":"if","locations":[{"start":{"line":53,"column":4},"end":{"line":53,"column":4}},{"start":{"line":53,"column":4},"end":{"line":53,"column":4}}]},"2":{"line":69,"type":"if","locations":[{"start":{"line":69,"column":4},"end":{"line":69,"column":4}},{"start":{"line":69,"column":4},"end":{"line":69,"column":4}}]}}},"/home/nathan/Documents/workspace/lib/Hero Academia/lib/middleware/initializer.js":{"path":"/home/nathan/Documents/workspace/lib/Hero Academia/lib/middleware/initializer.js","s":{"1":1,"2":1,"3":1,"4":1,"5":1,"6":1,"7":1,"8":1,"9":1,"10":1,"11":1,"12":1,"13":1,"14":1,"15":2,"16":0,"17":0,"18":0,"19":1,"20":1,"21":1,"22":1,"23":1,"24":1,"25":1,"26":2,"27":1,"28":0,"29":0,"30":0,"31":0,"32":0,"33":0,"34":0,"35":0,"36":0,"37":0,"38":0,"39":1,"40":1},"b":{"1":[0,0],"2":[1,0],"3":[0,0],"4":[0,0],"5":[0,0]},"f":{"1":1,"2":1,"3":1,"4":1,"5":2,"6":0,"7":1,"8":2,"9":0,"10":1},"fnMap":{"1":{"name":"pinger","line":24,"loc":{"start":{"line":24,"column":30},"end":{"line":24,"column":100}}},"2":{"name":"checker","line":29,"loc":{"start":{"line":29,"column":4},"end":{"line":29,"column":26}}},"3":{"name":"(anonymous_3)","line":40,"loc":{"start":{"line":40,"column":10},"end":{"line":40,"column":33}}},"4":{"name":"serviceChecker","line":49,"loc":{"start":{"line":49,"column":8},"end":{"line":49,"column":72}}},"5":{"name":"(anonymous_5)","line":60,"loc":{"start":{"line":60,"column":38},"end":{"line":60,"column":64}}},"6":{"name":"(anonymous_6)","line":61,"loc":{"start":{"line":61,"column":43},"end":{"line":61,"column":67}}},"7":{"name":"infoLogger","line":80,"loc":{"start":{"line":80,"column":8},"end":{"line":80,"column":72}}},"8":{"name":"(anonymous_8)","line":84,"loc":{"start":{"line":84,"column":42},"end":{"line":84,"column":68}}},"9":{"name":"(anonymous_9)","line":91,"loc":{"start":{"line":91,"column":37},"end":{"line":91,"column":60}}},"10":{"name":"(anonymous_10)","line":107,"loc":{"start":{"line":107,"column":12},"end":{"line":107,"column":35}}}},"statementMap":{"1":{"start":{"line":10,"column":0},"end":{"line":14,"column":31}},"2":{"start":{"line":24,"column":0},"end":{"line":111,"column":2}},"3":{"start":{"line":25,"column":4},"end":{"line":25,"column":28}},"4":{"start":{"line":27,"column":4},"end":{"line":27,"column":44}},"5":{"start":{"line":29,"column":4},"end":{"line":106,"column":5}},"6":{"start":{"line":30,"column":8},"end":{"line":30,"column":33}},"7":{"start":{"line":32,"column":8},"end":{"line":32,"column":58}},"8":{"start":{"line":37,"column":8},"end":{"line":42,"column":11}},"9":{"start":{"line":41,"column":12},"end":{"line":41,"column":30}},"10":{"start":{"line":49,"column":8},"end":{"line":71,"column":9}},"11":{"start":{"line":50,"column":12},"end":{"line":50,"column":45}},"12":{"start":{"line":52,"column":12},"end":{"line":52,"column":37}},"13":{"start":{"line":58,"column":12},"end":{"line":58,"column":35}},"14":{"start":{"line":60,"column":12},"end":{"line":67,"column":15}},"15":{"start":{"line":61,"column":16},"end":{"line":66,"column":19}},"16":{"start":{"line":62,"column":20},"end":{"line":65,"column":21}},"17":{"start":{"line":63,"column":24},"end":{"line":63,"column":46}},"18":{"start":{"line":64,"column":24},"end":{"line":64,"column":58}},"19":{"start":{"line":69,"column":12},"end":{"line":69,"column":47}},"20":{"start":{"line":70,"column":12},"end":{"line":70,"column":55}},"21":{"start":{"line":80,"column":8},"end":{"line":105,"column":9}},"22":{"start":{"line":81,"column":12},"end":{"line":81,"column":41}},"23":{"start":{"line":82,"column":12},"end":{"line":104,"column":13}},"24":{"start":{"line":83,"column":16},"end":{"line":83,"column":55}},"25":{"start":{"line":84,"column":16},"end":{"line":86,"column":19}},"26":{"start":{"line":85,"column":20},"end":{"line":85,"column":55}},"27":{"start":{"line":87,"column":16},"end":{"line":87,"column":37}},"28":{"start":{"line":89,"column":18},"end":{"line":104,"column":13}},"29":{"start":{"line":90,"column":16},"end":{"line":90,"column":65}},"30":{"start":{"line":91,"column":16},"end":{"line":93,"column":19}},"31":{"start":{"line":92,"column":20},"end":{"line":92,"column":54}},"32":{"start":{"line":95,"column":16},"end":{"line":103,"column":17}},"33":{"start":{"line":96,"column":20},"end":{"line":96,"column":46}},"34":{"start":{"line":97,"column":20},"end":{"line":97,"column":65}},"35":{"start":{"line":98,"column":20},"end":{"line":98,"column":42}},"36":{"start":{"line":99,"column":22},"end":{"line":103,"column":17}},"37":{"start":{"line":100,"column":20},"end":{"line":100,"column":81}},"38":{"start":{"line":102,"column":20},"end":{"line":102,"column":41}},"39":{"start":{"line":107,"column":4},"end":{"line":109,"column":7}},"40":{"start":{"line":108,"column":8},"end":{"line":108,"column":25}}},"branchMap":{"1":{"line":62,"type":"if","locations":[{"start":{"line":62,"column":20},"end":{"line":62,"column":20}},{"start":{"line":62,"column":20},"end":{"line":62,"column":20}}]},"2":{"line":82,"type":"if","locations":[{"start":{"line":82,"column":12},"end":{"line":82,"column":12}},{"start":{"line":82,"column":12},"end":{"line":82,"column":12}}]},"3":{"line":89,"type":"if","locations":[{"start":{"line":89,"column":18},"end":{"line":89,"column":18}},{"start":{"line":89,"column":18},"end":{"line":89,"column":18}}]},"4":{"line":95,"type":"if","locations":[{"start":{"line":95,"column":16},"end":{"line":95,"column":16}},{"start":{"line":95,"column":16},"end":{"line":95,"column":16}}]},"5":{"line":99,"type":"if","locations":[{"start":{"line":99,"column":22},"end":{"line":99,"column":22}},{"start":{"line":99,"column":22},"end":{"line":99,"column":22}}]}}}}