TN:
SF:/home/nathan/Documents/workspace/lib/Hero Academia/app.js
FN:38,(anonymous_1)
FN:45,(anonymous_2)
FN:63,(anonymous_3)
FN:85,pingDependentServices
FN:93,(anonymous_5)
FN:95,(anonymous_6)
FN:112,(anonymous_7)
FNF:7
FNH:5
FNDA:1,(anonymous_1)
FNDA:0,(anonymous_2)
FNDA:40,(anonymous_3)
FNDA:1,pingDependentServices
FNDA:1,(anonymous_5)
FNDA:1,(anonymous_6)
FNDA:0,(anonymous_7)
DA:10,1
DA:32,1
DA:38,1
DA:39,1
DA:45,1
DA:46,0
DA:47,0
DA:48,0
DA:49,0
DA:50,0
DA:51,0
DA:58,1
DA:63,1
DA:64,40
DA:65,40
DA:66,40
DA:67,40
DA:68,40
DA:71,1
DA:72,1
DA:73,1
DA:78,1
DA:79,1
DA:85,1
DA:86,1
DA:87,1
DA:94,1
DA:95,1
DA:96,1
DA:99,0
DA:107,1
DA:112,1
DA:113,0
DA:114,0
DA:115,0
DA:117,0
DA:119,0
DA:120,0
DA:121,0
DA:128,1
LF:40
LH:26
BRDA:49,1,0,0
BRDA:49,1,1,0
BRDA:64,2,0,0
BRDA:64,2,1,40
BRDA:94,3,0,1
BRDA:94,3,1,0
BRDA:113,4,0,0
BRDA:113,4,1,0
BRF:8
BRH:2
end_of_record
TN:
SF:/home/nathan/Documents/workspace/lib/Hero Academia/config/index.js
FNF:0
FNH:0
DA:15,1
LF:1
LH:1
BRF:0
BRH:0
end_of_record
TN:
SF:/home/nathan/Documents/workspace/lib/Hero Academia/routes/index.js
FN:22,(anonymous_1)
FNF:1
FNH:1
FNDA:1,(anonymous_1)
DA:11,1
DA:22,1
DA:24,1
DA:25,1
DA:26,1
DA:27,1
LF:6
LH:6
BRF:0
BRH:0
end_of_record
TN:
SF:/home/nathan/Documents/workspace/lib/Hero Academia/routes/teacher.js
FNF:0
FNH:0
DA:10,1
DA:50,1
DA:100,1
DA:146,1
DA:183,1
DA:185,1
LF:6
LH:6
BRF:0
BRH:0
end_of_record
TN:
SF:/home/nathan/Documents/workspace/lib/Hero Academia/controller/teacher.js
FN:34,(anonymous_1)
FN:41,(anonymous_2)
FN:50,validateData
FN:61,createData
FN:64,(anonymous_5)
FN:65,(anonymous_6)
FN:88,(anonymous_7)
FN:109,(anonymous_8)
FN:110,(anonymous_9)
FN:139,(anonymous_10)
FN:147,(anonymous_11)
FN:156,pickUpdateData
FN:159,(anonymous_13)
FN:176,updateData
FN:185,(anonymous_15)
FN:186,(anonymous_16)
FN:203,(anonymous_17)
FN:214,(anonymous_18)
FN:215,(anonymous_19)
FN:232,getPublic
FN:239,(anonymous_21)
FN:240,(anonymous_22)
FN:259,getPrivate
FN:266,(anonymous_24)
FN:267,(anonymous_25)
FNF:25
FNH:22
FNDA:1,(anonymous_1)
FNDA:1,(anonymous_2)
FNDA:1,validateData
FNDA:1,createData
FNDA:1,(anonymous_5)
FNDA:1,(anonymous_6)
FNDA:4,(anonymous_7)
FNDA:1,(anonymous_8)
FNDA:1,(anonymous_9)
FNDA:3,(anonymous_10)
FNDA:1,(anonymous_11)
FNDA:3,pickUpdateData
FNDA:3,(anonymous_13)
FNDA:2,updateData
FNDA:1,(anonymous_15)
FNDA:1,(anonymous_16)
FNDA:2,(anonymous_17)
FNDA:1,(anonymous_18)
FNDA:1,(anonymous_19)
FNDA:3,getPublic
FNDA:3,(anonymous_21)
FNDA:2,(anonymous_22)
FNDA:0,getPrivate
FNDA:0,(anonymous_24)
FNDA:0,(anonymous_25)
DA:10,1
DA:34,1
DA:35,1
DA:37,1
DA:38,1
DA:42,1
DA:50,1
DA:51,1
DA:53,1
DA:61,1
DA:62,1
DA:64,1
DA:65,1
DA:66,1
DA:67,1
DA:68,1
DA:69,1
DA:71,0
DA:72,0
DA:73,0
DA:74,0
DA:88,1
DA:89,4
DA:91,4
DA:92,3
DA:94,0
DA:96,3
DA:99,1
DA:107,1
DA:109,1
DA:110,1
DA:111,1
DA:112,1
DA:114,1
DA:115,1
DA:116,0
DA:117,0
DA:119,0
DA:120,0
DA:121,0
DA:122,0
DA:139,1
DA:140,3
DA:142,3
DA:144,3
DA:148,1
DA:156,1
DA:157,3
DA:159,3
DA:160,3
DA:161,1
DA:162,1
DA:163,1
DA:164,1
DA:165,2
DA:176,1
DA:177,2
DA:179,2
DA:180,1
DA:181,1
DA:182,1
DA:183,1
DA:185,1
DA:186,1
DA:187,1
DA:188,1
DA:189,1
DA:203,1
DA:204,2
DA:206,2
DA:208,2
DA:209,1
DA:210,1
DA:211,1
DA:212,1
DA:214,1
DA:215,1
DA:216,1
DA:217,1
DA:232,1
DA:233,3
DA:235,3
DA:239,3
DA:240,3
DA:241,2
DA:242,0
DA:243,0
DA:244,2
DA:245,2
DA:246,2
DA:259,1
DA:260,0
DA:262,0
DA:266,0
DA:267,0
DA:268,0
DA:269,0
DA:270,0
DA:271,0
DA:272,0
DA:273,0
LF:101
LH:78
BRDA:66,1,0,1
BRDA:66,1,1,0
BRDA:91,2,0,3
BRDA:91,2,1,1
BRDA:92,3,0,0
BRDA:92,3,1,3
BRDA:100,4,0,1
BRDA:100,4,1,0
BRDA:101,5,0,1
BRDA:101,5,1,0
BRDA:102,6,0,1
BRDA:102,6,1,0
BRDA:103,7,0,1
BRDA:103,7,1,0
BRDA:111,8,0,1
BRDA:111,8,1,0
BRDA:116,9,0,0
BRDA:116,9,1,0
BRDA:160,10,0,1
BRDA:160,10,1,2
BRDA:165,11,0,2
BRDA:165,11,1,0
BRDA:179,12,0,1
BRDA:179,12,1,1
BRDA:208,13,0,1
BRDA:208,13,1,1
BRDA:241,14,0,0
BRDA:241,14,1,2
BRDA:244,15,0,2
BRDA:244,15,1,0
BRDA:268,16,0,0
BRDA:268,16,1,0
BRDA:271,17,0,0
BRDA:271,17,1,0
BRF:34
BRH:18
end_of_record
TN:
SF:/home/nathan/Documents/workspace/lib/Hero Academia/dal/teacher.js
FN:18,create
FN:28,getPublic
FN:38,getPrivate
FN:49,getCollectionsPaginated
FN:50,(anonymous_5)
FN:61,getAllCollection
FN:71,(anonymous_7)
FN:82,update
FN:93,updateMany
FN:103,remove
FN:113,removeMany
FN:125,(anonymous_12)
FN:126,(anonymous_13)
FN:143,(anonymous_14)
FN:144,(anonymous_15)
FNF:15
FNH:6
FNDA:1,create
FNDA:3,getPublic
FNDA:0,getPrivate
FNDA:1,getCollectionsPaginated
FNDA:1,(anonymous_5)
FNDA:0,getAllCollection
FNDA:0,(anonymous_7)
FNDA:0,update
FNDA:1,updateMany
FNDA:0,remove
FNDA:1,removeMany
FNDA:0,(anonymous_12)
FNDA:0,(anonymous_13)
FNDA:0,(anonymous_14)
FNDA:0,(anonymous_15)
DA:10,1
DA:18,1
DA:19,1
DA:28,1
DA:29,3
DA:38,1
DA:39,0
DA:49,1
DA:50,1
DA:51,1
DA:61,1
DA:62,0
DA:71,1
DA:72,0
DA:82,1
DA:83,0
DA:93,1
DA:94,1
DA:103,1
DA:104,0
DA:113,1
DA:114,1
DA:125,1
DA:126,0
DA:127,0
DA:128,0
DA:130,0
DA:131,0
DA:143,1
DA:144,0
DA:145,0
DA:146,0
DA:147,0
LF:33
LH:19
BRDA:127,1,0,0
BRDA:127,1,1,0
BRF:2
BRH:0
end_of_record
TN:
SF:/home/nathan/Documents/workspace/lib/Hero Academia/model/teacher.js
FN:53,preSave
FN:72,(anonymous_2)
FNF:2
FNH:2
FNDA:1,preSave
FNDA:1,(anonymous_2)
DA:10,1
DA:18,1
DA:40,1
DA:45,1
DA:53,1
DA:54,1
DA:55,1
DA:57,1
DA:58,1
DA:59,1
DA:60,1
DA:62,0
DA:63,0
DA:67,1
DA:72,1
DA:73,1
DA:74,1
DA:75,1
DA:77,0
DA:78,0
DA:82,1
LF:21
LH:17
BRDA:57,1,0,1
BRDA:57,1,1,0
BRDA:73,2,0,1
BRDA:73,2,1,0
BRF:4
BRH:2
end_of_record
TN:
SF:/home/nathan/Documents/workspace/lib/Hero Academia/lib/constant/index.js
FNF:0
FNH:0
DA:11,1
DA:15,1
LF:2
LH:2
BRF:0
BRH:0
end_of_record
TN:
SF:/home/nathan/Documents/workspace/lib/Hero Academia/lib/constant/constant.js
FNF:0
FNH:0
DA:14,1
LF:1
LH:1
BRF:0
BRH:0
end_of_record
TN:
SF:/home/nathan/Documents/workspace/lib/Hero Academia/lib/constant/errorCodes.js
FNF:0
FNH:0
DA:13,1
LF:1
LH:1
BRF:0
BRH:0
end_of_record
TN:
SF:/home/nathan/Documents/workspace/lib/Hero Academia/lib/helper/index.js
FNF:0
FNH:0
DA:11,1
DA:20,1
LF:2
LH:2
BRF:0
BRH:0
end_of_record
TN:
SF:/home/nathan/Documents/workspace/lib/Hero Academia/lib/helper/api/index.js
FN:34,authOption
FN:58,responseHandler
FN:83,request
FN:87,(anonymous_4)
FNF:4
FNH:0
FNDA:0,authOption
FNDA:0,responseHandler
FNDA:0,request
FNDA:0,(anonymous_4)
DA:10,1
DA:34,1
DA:35,0
DA:37,0
DA:58,1
DA:59,0
DA:61,0
DA:62,0
DA:63,0
DA:65,0
DA:66,0
DA:68,0
DA:69,0
DA:83,1
DA:84,0
DA:86,0
DA:87,0
DA:88,0
DA:89,0
DA:90,0
DA:92,0
LF:21
LH:4
BRDA:62,1,0,0
BRDA:62,1,1,0
BRDA:62,2,0,0
BRDA:62,2,1,0
BRDA:89,3,0,0
BRDA:89,3,1,0
BRF:6
BRH:0
end_of_record
TN:
SF:/home/nathan/Documents/workspace/lib/Hero Academia/lib/helper/others/controllerHelper.js
FN:24,queryResponseHandler
FN:47,dataValidator
FN:50,(anonymous_3)
FN:78,pickUpdateData
FN:82,(anonymous_5)
FN:99,queryFilter
FN:101,(anonymous_7)
FNF:7
FNH:6
FNDA:28,queryResponseHandler
FNDA:4,dataValidator
FNDA:0,(anonymous_3)
FNDA:12,pickUpdateData
FNDA:102,(anonymous_5)
FNDA:24,queryFilter
FNDA:252,(anonymous_7)
DA:10,1
DA:24,1
DA:25,28
DA:27,28
DA:29,4
DA:30,4
DA:31,4
DA:32,4
DA:33,4
DA:35,24
DA:47,1
DA:48,4
DA:50,4
DA:51,0
DA:55,4
DA:57,4
DA:58,0
DA:60,0
DA:61,0
DA:63,0
DA:64,0
DA:66,4
DA:67,4
DA:78,1
DA:79,12
DA:81,12
DA:82,12
DA:83,102
DA:84,68
DA:86,102
DA:87,12
DA:99,1
DA:100,24
DA:101,24
DA:102,252
DA:103,12
DA:106,24
LF:37
LH:31
BRDA:27,1,0,4
BRDA:27,1,1,24
BRDA:57,2,0,0
BRDA:57,2,1,4
BRDA:83,3,0,68
BRDA:83,3,1,34
BRDA:86,4,0,12
BRDA:86,4,1,90
BRDA:102,5,0,12
BRDA:102,5,1,240
BRF:10
BRH:9
end_of_record
TN:
SF:/home/nathan/Documents/workspace/lib/Hero Academia/lib/helper/others/logger.js
FN:21,(anonymous_1)
FNF:1
FNH:0
FNDA:0,(anonymous_1)
DA:10,1
DA:21,1
DA:22,0
DA:23,0
DA:24,0
DA:40,0
DA:42,0
LF:7
LH:2
BRF:0
BRH:0
end_of_record
TN:
SF:/home/nathan/Documents/workspace/lib/Hero Academia/routes/student.js
FNF:0
FNH:0
DA:10,1
DA:50,1
DA:100,1
DA:146,1
DA:183,1
DA:185,1
LF:6
LH:6
BRF:0
BRH:0
end_of_record
TN:
SF:/home/nathan/Documents/workspace/lib/Hero Academia/controller/student.js
FN:34,(anonymous_1)
FN:41,(anonymous_2)
FN:50,validateData
FN:61,createData
FN:64,(anonymous_5)
FN:65,(anonymous_6)
FN:88,(anonymous_7)
FN:109,(anonymous_8)
FN:110,(anonymous_9)
FN:139,(anonymous_10)
FN:147,(anonymous_11)
FN:156,pickUpdateData
FN:159,(anonymous_13)
FN:176,updateData
FN:185,(anonymous_15)
FN:186,(anonymous_16)
FN:203,(anonymous_17)
FN:214,(anonymous_18)
FN:215,(anonymous_19)
FN:232,getPublic
FN:239,(anonymous_21)
FN:240,(anonymous_22)
FN:259,getPrivate
FN:266,(anonymous_24)
FN:267,(anonymous_25)
FNF:25
FNH:22
FNDA:1,(anonymous_1)
FNDA:1,(anonymous_2)
FNDA:1,validateData
FNDA:1,createData
FNDA:1,(anonymous_5)
FNDA:1,(anonymous_6)
FNDA:4,(anonymous_7)
FNDA:1,(anonymous_8)
FNDA:1,(anonymous_9)
FNDA:3,(anonymous_10)
FNDA:1,(anonymous_11)
FNDA:3,pickUpdateData
FNDA:3,(anonymous_13)
FNDA:2,updateData
FNDA:1,(anonymous_15)
FNDA:1,(anonymous_16)
FNDA:2,(anonymous_17)
FNDA:1,(anonymous_18)
FNDA:1,(anonymous_19)
FNDA:3,getPublic
FNDA:3,(anonymous_21)
FNDA:2,(anonymous_22)
FNDA:0,getPrivate
FNDA:0,(anonymous_24)
FNDA:0,(anonymous_25)
DA:10,1
DA:34,1
DA:35,1
DA:37,1
DA:38,1
DA:42,1
DA:50,1
DA:51,1
DA:53,1
DA:61,1
DA:62,1
DA:64,1
DA:65,1
DA:66,1
DA:67,1
DA:68,1
DA:69,1
DA:71,0
DA:72,0
DA:73,0
DA:74,0
DA:88,1
DA:89,4
DA:91,4
DA:92,3
DA:94,0
DA:96,3
DA:99,1
DA:107,1
DA:109,1
DA:110,1
DA:111,1
DA:112,1
DA:114,1
DA:115,1
DA:116,0
DA:117,0
DA:119,0
DA:120,0
DA:121,0
DA:122,0
DA:139,1
DA:140,3
DA:142,3
DA:144,3
DA:148,1
DA:156,1
DA:157,3
DA:159,3
DA:160,3
DA:161,1
DA:162,1
DA:163,1
DA:164,1
DA:165,2
DA:176,1
DA:177,2
DA:179,2
DA:180,1
DA:181,1
DA:182,1
DA:183,1
DA:185,1
DA:186,1
DA:187,1
DA:188,1
DA:189,1
DA:203,1
DA:204,2
DA:206,2
DA:208,2
DA:209,1
DA:210,1
DA:211,1
DA:212,1
DA:214,1
DA:215,1
DA:216,1
DA:217,1
DA:232,1
DA:233,3
DA:235,3
DA:239,3
DA:240,3
DA:241,2
DA:242,0
DA:243,0
DA:244,2
DA:245,2
DA:246,2
DA:259,1
DA:260,0
DA:262,0
DA:266,0
DA:267,0
DA:268,0
DA:269,0
DA:270,0
DA:271,0
DA:272,0
DA:273,0
LF:101
LH:78
BRDA:66,1,0,1
BRDA:66,1,1,0
BRDA:91,2,0,3
BRDA:91,2,1,1
BRDA:92,3,0,0
BRDA:92,3,1,3
BRDA:100,4,0,1
BRDA:100,4,1,0
BRDA:101,5,0,1
BRDA:101,5,1,0
BRDA:102,6,0,1
BRDA:102,6,1,0
BRDA:103,7,0,1
BRDA:103,7,1,0
BRDA:111,8,0,1
BRDA:111,8,1,0
BRDA:116,9,0,0
BRDA:116,9,1,0
BRDA:160,10,0,1
BRDA:160,10,1,2
BRDA:165,11,0,2
BRDA:165,11,1,0
BRDA:179,12,0,1
BRDA:179,12,1,1
BRDA:208,13,0,1
BRDA:208,13,1,1
BRDA:241,14,0,0
BRDA:241,14,1,2
BRDA:244,15,0,2
BRDA:244,15,1,0
BRDA:268,16,0,0
BRDA:268,16,1,0
BRDA:271,17,0,0
BRDA:271,17,1,0
BRF:34
BRH:18
end_of_record
TN:
SF:/home/nathan/Documents/workspace/lib/Hero Academia/dal/student.js
FN:18,create
FN:28,getPublic
FN:38,getPrivate
FN:49,getCollectionsPaginated
FN:50,(anonymous_5)
FN:61,getAllCollection
FN:71,(anonymous_7)
FN:82,update
FN:93,updateMany
FN:103,remove
FN:113,removeMany
FN:125,(anonymous_12)
FN:126,(anonymous_13)
FN:143,(anonymous_14)
FN:144,(anonymous_15)
FNF:15
FNH:6
FNDA:1,create
FNDA:3,getPublic
FNDA:0,getPrivate
FNDA:1,getCollectionsPaginated
FNDA:1,(anonymous_5)
FNDA:0,getAllCollection
FNDA:0,(anonymous_7)
FNDA:0,update
FNDA:1,updateMany
FNDA:0,remove
FNDA:1,removeMany
FNDA:0,(anonymous_12)
FNDA:0,(anonymous_13)
FNDA:0,(anonymous_14)
FNDA:0,(anonymous_15)
DA:10,1
DA:18,1
DA:19,1
DA:28,1
DA:29,3
DA:38,1
DA:39,0
DA:49,1
DA:50,1
DA:51,1
DA:61,1
DA:62,0
DA:71,1
DA:72,0
DA:82,1
DA:83,0
DA:93,1
DA:94,1
DA:103,1
DA:104,0
DA:113,1
DA:114,1
DA:125,1
DA:126,0
DA:127,0
DA:128,0
DA:130,0
DA:131,0
DA:143,1
DA:144,0
DA:145,0
DA:146,0
DA:147,0
LF:33
LH:19
BRDA:127,1,0,0
BRDA:127,1,1,0
BRF:2
BRH:0
end_of_record
TN:
SF:/home/nathan/Documents/workspace/lib/Hero Academia/model/student.js
FN:54,preSave
FN:73,(anonymous_2)
FNF:2
FNH:2
FNDA:1,preSave
FNDA:1,(anonymous_2)
DA:10,1
DA:18,1
DA:41,1
DA:46,1
DA:54,1
DA:55,1
DA:56,1
DA:58,1
DA:59,1
DA:60,1
DA:61,1
DA:63,0
DA:64,0
DA:68,1
DA:73,1
DA:74,1
DA:75,1
DA:76,1
DA:78,0
DA:79,0
DA:83,1
LF:21
LH:17
BRDA:58,1,0,1
BRDA:58,1,1,0
BRDA:74,2,0,1
BRDA:74,2,1,0
BRF:4
BRH:2
end_of_record
TN:
SF:/home/nathan/Documents/workspace/lib/Hero Academia/routes/tournament.js
FNF:0
FNH:0
DA:10,1
DA:50,1
DA:100,1
DA:146,1
DA:183,1
DA:185,1
LF:6
LH:6
BRF:0
BRH:0
end_of_record
TN:
SF:/home/nathan/Documents/workspace/lib/Hero Academia/controller/tournament.js
FN:34,(anonymous_1)
FN:41,(anonymous_2)
FN:50,validateData
FN:61,createData
FN:64,(anonymous_5)
FN:65,(anonymous_6)
FN:88,(anonymous_7)
FN:109,(anonymous_8)
FN:110,(anonymous_9)
FN:139,(anonymous_10)
FN:147,(anonymous_11)
FN:156,pickUpdateData
FN:159,(anonymous_13)
FN:176,updateData
FN:185,(anonymous_15)
FN:186,(anonymous_16)
FN:203,(anonymous_17)
FN:214,(anonymous_18)
FN:215,(anonymous_19)
FN:232,getPublic
FN:239,(anonymous_21)
FN:240,(anonymous_22)
FN:259,getPrivate
FN:266,(anonymous_24)
FN:267,(anonymous_25)
FNF:25
FNH:22
FNDA:1,(anonymous_1)
FNDA:1,(anonymous_2)
FNDA:1,validateData
FNDA:1,createData
FNDA:1,(anonymous_5)
FNDA:1,(anonymous_6)
FNDA:4,(anonymous_7)
FNDA:1,(anonymous_8)
FNDA:1,(anonymous_9)
FNDA:3,(anonymous_10)
FNDA:1,(anonymous_11)
FNDA:3,pickUpdateData
FNDA:3,(anonymous_13)
FNDA:2,updateData
FNDA:1,(anonymous_15)
FNDA:1,(anonymous_16)
FNDA:2,(anonymous_17)
FNDA:1,(anonymous_18)
FNDA:1,(anonymous_19)
FNDA:3,getPublic
FNDA:3,(anonymous_21)
FNDA:2,(anonymous_22)
FNDA:0,getPrivate
FNDA:0,(anonymous_24)
FNDA:0,(anonymous_25)
DA:10,1
DA:34,1
DA:35,1
DA:37,1
DA:38,1
DA:42,1
DA:50,1
DA:51,1
DA:53,1
DA:61,1
DA:62,1
DA:64,1
DA:65,1
DA:66,1
DA:67,1
DA:68,1
DA:69,1
DA:71,0
DA:72,0
DA:73,0
DA:74,0
DA:88,1
DA:89,4
DA:91,4
DA:92,3
DA:94,0
DA:96,3
DA:99,1
DA:107,1
DA:109,1
DA:110,1
DA:111,1
DA:112,1
DA:114,1
DA:115,1
DA:116,0
DA:117,0
DA:119,0
DA:120,0
DA:121,0
DA:122,0
DA:139,1
DA:140,3
DA:142,3
DA:144,3
DA:148,1
DA:156,1
DA:157,3
DA:159,3
DA:160,3
DA:161,1
DA:162,1
DA:163,1
DA:164,1
DA:165,2
DA:176,1
DA:177,2
DA:179,2
DA:180,1
DA:181,1
DA:182,1
DA:183,1
DA:185,1
DA:186,1
DA:187,1
DA:188,1
DA:189,1
DA:203,1
DA:204,2
DA:206,2
DA:208,2
DA:209,1
DA:210,1
DA:211,1
DA:212,1
DA:214,1
DA:215,1
DA:216,1
DA:217,1
DA:232,1
DA:233,3
DA:235,3
DA:239,3
DA:240,3
DA:241,2
DA:242,0
DA:243,0
DA:244,2
DA:245,2
DA:246,2
DA:259,1
DA:260,0
DA:262,0
DA:266,0
DA:267,0
DA:268,0
DA:269,0
DA:270,0
DA:271,0
DA:272,0
DA:273,0
LF:101
LH:78
BRDA:66,1,0,1
BRDA:66,1,1,0
BRDA:91,2,0,3
BRDA:91,2,1,1
BRDA:92,3,0,0
BRDA:92,3,1,3
BRDA:100,4,0,1
BRDA:100,4,1,0
BRDA:101,5,0,1
BRDA:101,5,1,0
BRDA:102,6,0,1
BRDA:102,6,1,0
BRDA:103,7,0,1
BRDA:103,7,1,0
BRDA:111,8,0,1
BRDA:111,8,1,0
BRDA:116,9,0,0
BRDA:116,9,1,0
BRDA:160,10,0,1
BRDA:160,10,1,2
BRDA:165,11,0,2
BRDA:165,11,1,0
BRDA:179,12,0,1
BRDA:179,12,1,1
BRDA:208,13,0,1
BRDA:208,13,1,1
BRDA:241,14,0,0
BRDA:241,14,1,2
BRDA:244,15,0,2
BRDA:244,15,1,0
BRDA:268,16,0,0
BRDA:268,16,1,0
BRDA:271,17,0,0
BRDA:271,17,1,0
BRF:34
BRH:18
end_of_record
TN:
SF:/home/nathan/Documents/workspace/lib/Hero Academia/dal/tournament.js
FN:18,create
FN:28,getPublic
FN:38,getPrivate
FN:49,getCollectionsPaginated
FN:50,(anonymous_5)
FN:61,getAllCollection
FN:71,(anonymous_7)
FN:82,update
FN:93,updateMany
FN:103,remove
FN:113,removeMany
FN:125,(anonymous_12)
FN:126,(anonymous_13)
FN:143,(anonymous_14)
FN:144,(anonymous_15)
FNF:15
FNH:6
FNDA:1,create
FNDA:3,getPublic
FNDA:0,getPrivate
FNDA:1,getCollectionsPaginated
FNDA:1,(anonymous_5)
FNDA:0,getAllCollection
FNDA:0,(anonymous_7)
FNDA:0,update
FNDA:1,updateMany
FNDA:0,remove
FNDA:1,removeMany
FNDA:0,(anonymous_12)
FNDA:0,(anonymous_13)
FNDA:0,(anonymous_14)
FNDA:0,(anonymous_15)
DA:10,1
DA:18,1
DA:19,1
DA:28,1
DA:29,3
DA:38,1
DA:39,0
DA:49,1
DA:50,1
DA:51,1
DA:61,1
DA:62,0
DA:71,1
DA:72,0
DA:82,1
DA:83,0
DA:93,1
DA:94,1
DA:103,1
DA:104,0
DA:113,1
DA:114,1
DA:125,1
DA:126,0
DA:127,0
DA:128,0
DA:130,0
DA:131,0
DA:143,1
DA:144,0
DA:145,0
DA:146,0
DA:147,0
LF:33
LH:19
BRDA:127,1,0,0
BRDA:127,1,1,0
BRF:2
BRH:0
end_of_record
TN:
SF:/home/nathan/Documents/workspace/lib/Hero Academia/model/tournament.js
FN:46,preSave
FN:65,(anonymous_2)
FNF:2
FNH:2
FNDA:1,preSave
FNDA:1,(anonymous_2)
DA:10,1
DA:18,1
DA:33,1
DA:38,1
DA:46,1
DA:47,1
DA:48,1
DA:50,1
DA:51,1
DA:52,1
DA:53,1
DA:55,0
DA:56,0
DA:60,1
DA:65,1
DA:66,1
DA:67,1
DA:68,1
DA:70,0
DA:71,0
DA:75,1
LF:21
LH:17
BRDA:50,1,0,1
BRDA:50,1,1,0
BRDA:66,2,0,1
BRDA:66,2,1,0
BRF:4
BRH:2
end_of_record
TN:
SF:/home/nathan/Documents/workspace/lib/Hero Academia/routes/history.js
FNF:0
FNH:0
DA:10,1
DA:50,1
DA:100,1
DA:146,1
DA:183,1
DA:185,1
LF:6
LH:6
BRF:0
BRH:0
end_of_record
TN:
SF:/home/nathan/Documents/workspace/lib/Hero Academia/controller/history.js
FN:34,(anonymous_1)
FN:41,(anonymous_2)
FN:50,validateData
FN:61,createData
FN:64,(anonymous_5)
FN:65,(anonymous_6)
FN:88,(anonymous_7)
FN:109,(anonymous_8)
FN:110,(anonymous_9)
FN:139,(anonymous_10)
FN:147,(anonymous_11)
FN:156,pickUpdateData
FN:159,(anonymous_13)
FN:176,updateData
FN:185,(anonymous_15)
FN:186,(anonymous_16)
FN:203,(anonymous_17)
FN:214,(anonymous_18)
FN:215,(anonymous_19)
FN:232,getPublic
FN:239,(anonymous_21)
FN:240,(anonymous_22)
FN:259,getPrivate
FN:266,(anonymous_24)
FN:267,(anonymous_25)
FNF:25
FNH:22
FNDA:1,(anonymous_1)
FNDA:1,(anonymous_2)
FNDA:1,validateData
FNDA:1,createData
FNDA:1,(anonymous_5)
FNDA:1,(anonymous_6)
FNDA:4,(anonymous_7)
FNDA:1,(anonymous_8)
FNDA:1,(anonymous_9)
FNDA:3,(anonymous_10)
FNDA:1,(anonymous_11)
FNDA:3,pickUpdateData
FNDA:3,(anonymous_13)
FNDA:2,updateData
FNDA:1,(anonymous_15)
FNDA:1,(anonymous_16)
FNDA:2,(anonymous_17)
FNDA:1,(anonymous_18)
FNDA:1,(anonymous_19)
FNDA:3,getPublic
FNDA:3,(anonymous_21)
FNDA:2,(anonymous_22)
FNDA:0,getPrivate
FNDA:0,(anonymous_24)
FNDA:0,(anonymous_25)
DA:10,1
DA:34,1
DA:35,1
DA:37,1
DA:38,1
DA:42,1
DA:50,1
DA:51,1
DA:53,1
DA:61,1
DA:62,1
DA:64,1
DA:65,1
DA:66,1
DA:67,1
DA:68,1
DA:69,1
DA:71,0
DA:72,0
DA:73,0
DA:74,0
DA:88,1
DA:89,4
DA:91,4
DA:92,3
DA:94,0
DA:96,3
DA:99,1
DA:107,1
DA:109,1
DA:110,1
DA:111,1
DA:112,1
DA:114,1
DA:115,1
DA:116,0
DA:117,0
DA:119,0
DA:120,0
DA:121,0
DA:122,0
DA:139,1
DA:140,3
DA:142,3
DA:144,3
DA:148,1
DA:156,1
DA:157,3
DA:159,3
DA:160,3
DA:161,1
DA:162,1
DA:163,1
DA:164,1
DA:165,2
DA:176,1
DA:177,2
DA:179,2
DA:180,1
DA:181,1
DA:182,1
DA:183,1
DA:185,1
DA:186,1
DA:187,1
DA:188,1
DA:189,1
DA:203,1
DA:204,2
DA:206,2
DA:208,2
DA:209,1
DA:210,1
DA:211,1
DA:212,1
DA:214,1
DA:215,1
DA:216,1
DA:217,1
DA:232,1
DA:233,3
DA:235,3
DA:239,3
DA:240,3
DA:241,2
DA:242,0
DA:243,0
DA:244,2
DA:245,2
DA:246,2
DA:259,1
DA:260,0
DA:262,0
DA:266,0
DA:267,0
DA:268,0
DA:269,0
DA:270,0
DA:271,0
DA:272,0
DA:273,0
LF:101
LH:78
BRDA:66,1,0,1
BRDA:66,1,1,0
BRDA:91,2,0,3
BRDA:91,2,1,1
BRDA:92,3,0,0
BRDA:92,3,1,3
BRDA:100,4,0,1
BRDA:100,4,1,0
BRDA:101,5,0,1
BRDA:101,5,1,0
BRDA:102,6,0,1
BRDA:102,6,1,0
BRDA:103,7,0,1
BRDA:103,7,1,0
BRDA:111,8,0,1
BRDA:111,8,1,0
BRDA:116,9,0,0
BRDA:116,9,1,0
BRDA:160,10,0,1
BRDA:160,10,1,2
BRDA:165,11,0,2
BRDA:165,11,1,0
BRDA:179,12,0,1
BRDA:179,12,1,1
BRDA:208,13,0,1
BRDA:208,13,1,1
BRDA:241,14,0,0
BRDA:241,14,1,2
BRDA:244,15,0,2
BRDA:244,15,1,0
BRDA:268,16,0,0
BRDA:268,16,1,0
BRDA:271,17,0,0
BRDA:271,17,1,0
BRF:34
BRH:18
end_of_record
TN:
SF:/home/nathan/Documents/workspace/lib/Hero Academia/dal/history.js
FN:18,create
FN:28,getPublic
FN:38,getPrivate
FN:49,getCollectionsPaginated
FN:50,(anonymous_5)
FN:61,getAllCollection
FN:71,(anonymous_7)
FN:82,update
FN:93,updateMany
FN:103,remove
FN:113,removeMany
FN:125,(anonymous_12)
FN:126,(anonymous_13)
FN:143,(anonymous_14)
FN:144,(anonymous_15)
FNF:15
FNH:6
FNDA:1,create
FNDA:3,getPublic
FNDA:0,getPrivate
FNDA:1,getCollectionsPaginated
FNDA:1,(anonymous_5)
FNDA:0,getAllCollection
FNDA:0,(anonymous_7)
FNDA:0,update
FNDA:1,updateMany
FNDA:0,remove
FNDA:1,removeMany
FNDA:0,(anonymous_12)
FNDA:0,(anonymous_13)
FNDA:0,(anonymous_14)
FNDA:0,(anonymous_15)
DA:10,1
DA:18,1
DA:19,1
DA:28,1
DA:29,3
DA:38,1
DA:39,0
DA:49,1
DA:50,1
DA:51,1
DA:61,1
DA:62,0
DA:71,1
DA:72,0
DA:82,1
DA:83,0
DA:93,1
DA:94,1
DA:103,1
DA:104,0
DA:113,1
DA:114,1
DA:125,1
DA:126,0
DA:127,0
DA:128,0
DA:130,0
DA:131,0
DA:143,1
DA:144,0
DA:145,0
DA:146,0
DA:147,0
LF:33
LH:19
BRDA:127,1,0,0
BRDA:127,1,1,0
BRF:2
BRH:0
end_of_record
TN:
SF:/home/nathan/Documents/workspace/lib/Hero Academia/model/history.js
FN:49,preSave
FN:68,(anonymous_2)
FNF:2
FNH:2
FNDA:1,preSave
FNDA:1,(anonymous_2)
DA:10,1
DA:18,1
DA:36,1
DA:41,1
DA:49,1
DA:50,1
DA:51,1
DA:53,1
DA:54,1
DA:55,1
DA:56,1
DA:58,0
DA:59,0
DA:63,1
DA:68,1
DA:69,1
DA:70,1
DA:71,1
DA:73,0
DA:74,0
DA:78,1
LF:21
LH:17
BRDA:53,1,0,1
BRDA:53,1,1,0
BRDA:69,2,0,1
BRDA:69,2,1,0
BRF:4
BRH:2
end_of_record
TN:
SF:/home/nathan/Documents/workspace/lib/Hero Academia/lib/middleware/initializer.js
FN:24,pinger
FN:29,checker
FN:40,(anonymous_3)
FN:49,serviceChecker
FN:60,(anonymous_5)
FN:61,(anonymous_6)
FN:80,infoLogger
FN:84,(anonymous_8)
FN:91,(anonymous_9)
FN:107,(anonymous_10)
FNF:10
FNH:8
FNDA:1,pinger
FNDA:1,checker
FNDA:1,(anonymous_3)
FNDA:1,serviceChecker
FNDA:2,(anonymous_5)
FNDA:0,(anonymous_6)
FNDA:1,infoLogger
FNDA:2,(anonymous_8)
FNDA:0,(anonymous_9)
FNDA:1,(anonymous_10)
DA:10,1
DA:24,1
DA:25,1
DA:27,1
DA:29,1
DA:30,1
DA:32,1
DA:37,1
DA:41,1
DA:49,1
DA:50,1
DA:52,1
DA:58,1
DA:60,1
DA:61,2
DA:62,0
DA:63,0
DA:64,0
DA:69,1
DA:70,1
DA:80,1
DA:81,1
DA:82,1
DA:83,1
DA:84,1
DA:85,2
DA:87,1
DA:89,0
DA:90,0
DA:91,0
DA:92,0
DA:95,0
DA:96,0
DA:97,0
DA:98,0
DA:99,0
DA:100,0
DA:102,0
DA:107,1
DA:108,1
LF:40
LH:26
BRDA:62,1,0,0
BRDA:62,1,1,0
BRDA:82,2,0,1
BRDA:82,2,1,0
BRDA:89,3,0,0
BRDA:89,3,1,0
BRDA:95,4,0,0
BRDA:95,4,1,0
BRDA:99,5,0,0
BRDA:99,5,1,0
BRF:10
BRH:1
end_of_record
